{"/Users/nikhilagrawal/IdeaProjects/fse-s24-sa4/config/DatabaseConnector.js": {"path":"/Users/nikhilagrawal/IdeaProjects/fse-s24-sa4/config/DatabaseConnector.js","statementMap":{"0":{"start":{"line":5,"column":8},"end":{"line":5,"column":30}},"1":{"start":{"line":9,"column":8},"end":{"line":11,"column":9}},"2":{"start":{"line":10,"column":12},"end":{"line":10,"column":65}},"3":{"start":{"line":12,"column":8},"end":{"line":12,"column":42}},"4":{"start":{"line":16,"column":8},"end":{"line":16,"column":30}},"5":{"start":{"line":20,"column":8},"end":{"line":29,"column":9}},"6":{"start":{"line":21,"column":12},"end":{"line":22,"column":71}},"7":{"start":{"line":22,"column":16},"end":{"line":22,"column":71}},"8":{"start":{"line":23,"column":12},"end":{"line":23,"column":60}},"9":{"start":{"line":24,"column":12},"end":{"line":24,"column":49}},"10":{"start":{"line":25,"column":12},"end":{"line":25,"column":44}},"11":{"start":{"line":27,"column":12},"end":{"line":27,"column":65}},"12":{"start":{"line":28,"column":12},"end":{"line":28,"column":24}},"13":{"start":{"line":33,"column":8},"end":{"line":33,"column":37}},"14":{"start":{"line":37,"column":8},"end":{"line":50,"column":9}},"15":{"start":{"line":38,"column":12},"end":{"line":38,"column":63}},"16":{"start":{"line":39,"column":12},"end":{"line":40,"column":55}},"17":{"start":{"line":40,"column":16},"end":{"line":40,"column":55}},"18":{"start":{"line":41,"column":12},"end":{"line":43,"column":13}},"19":{"start":{"line":42,"column":16},"end":{"line":42,"column":44}},"20":{"start":{"line":44,"column":12},"end":{"line":44,"column":47}},"21":{"start":{"line":45,"column":12},"end":{"line":45,"column":49}},"22":{"start":{"line":46,"column":12},"end":{"line":46,"column":44}},"23":{"start":{"line":48,"column":12},"end":{"line":48,"column":62}},"24":{"start":{"line":49,"column":12},"end":{"line":49,"column":24}},"25":{"start":{"line":54,"column":8},"end":{"line":60,"column":9}},"26":{"start":{"line":55,"column":12},"end":{"line":55,"column":48}},"27":{"start":{"line":56,"column":12},"end":{"line":56,"column":45}},"28":{"start":{"line":58,"column":12},"end":{"line":58,"column":66}},"29":{"start":{"line":59,"column":12},"end":{"line":59,"column":24}},"30":{"start":{"line":64,"column":8},"end":{"line":78,"column":9}},"31":{"start":{"line":65,"column":32},"end":{"line":65,"column":83}},"32":{"start":{"line":66,"column":12},"end":{"line":73,"column":13}},"33":{"start":{"line":67,"column":16},"end":{"line":72,"column":17}},"34":{"start":{"line":68,"column":20},"end":{"line":68,"column":81}},"35":{"start":{"line":69,"column":20},"end":{"line":69,"column":74}},"36":{"start":{"line":71,"column":20},"end":{"line":71,"column":90}},"37":{"start":{"line":74,"column":12},"end":{"line":74,"column":48}},"38":{"start":{"line":76,"column":12},"end":{"line":76,"column":64}},"39":{"start":{"line":77,"column":12},"end":{"line":77,"column":24}}},"fnMap":{"0":{"name":"(anonymous_0)","decl":{"start":{"line":4,"column":4},"end":{"line":4,"column":5}},"loc":{"start":{"line":4,"column":18},"end":{"line":6,"column":5}},"line":4},"1":{"name":"(anonymous_1)","decl":{"start":{"line":8,"column":4},"end":{"line":8,"column":5}},"loc":{"start":{"line":8,"column":25},"end":{"line":13,"column":5}},"line":8},"2":{"name":"(anonymous_2)","decl":{"start":{"line":15,"column":4},"end":{"line":15,"column":5}},"loc":{"start":{"line":15,"column":20},"end":{"line":17,"column":5}},"line":15},"3":{"name":"(anonymous_3)","decl":{"start":{"line":19,"column":4},"end":{"line":19,"column":5}},"loc":{"start":{"line":19,"column":28},"end":{"line":30,"column":5}},"line":19},"4":{"name":"(anonymous_4)","decl":{"start":{"line":32,"column":4},"end":{"line":32,"column":5}},"loc":{"start":{"line":32,"column":23},"end":{"line":34,"column":5}},"line":32},"5":{"name":"(anonymous_5)","decl":{"start":{"line":36,"column":4},"end":{"line":36,"column":5}},"loc":{"start":{"line":36,"column":37},"end":{"line":51,"column":5}},"line":36},"6":{"name":"(anonymous_6)","decl":{"start":{"line":53,"column":4},"end":{"line":53,"column":5}},"loc":{"start":{"line":53,"column":27},"end":{"line":61,"column":5}},"line":53},"7":{"name":"(anonymous_7)","decl":{"start":{"line":63,"column":4},"end":{"line":63,"column":5}},"loc":{"start":{"line":63,"column":30},"end":{"line":79,"column":5}},"line":63}},"branchMap":{"0":{"loc":{"start":{"line":9,"column":8},"end":{"line":11,"column":9}},"type":"if","locations":[{"start":{"line":9,"column":8},"end":{"line":11,"column":9}},{"start":{},"end":{}}],"line":9},"1":{"loc":{"start":{"line":21,"column":12},"end":{"line":22,"column":71}},"type":"if","locations":[{"start":{"line":21,"column":12},"end":{"line":22,"column":71}},{"start":{},"end":{}}],"line":21},"2":{"loc":{"start":{"line":39,"column":12},"end":{"line":40,"column":55}},"type":"if","locations":[{"start":{"line":39,"column":12},"end":{"line":40,"column":55}},{"start":{},"end":{}}],"line":39},"3":{"loc":{"start":{"line":41,"column":12},"end":{"line":43,"column":13}},"type":"if","locations":[{"start":{"line":41,"column":12},"end":{"line":43,"column":13}},{"start":{},"end":{}}],"line":41}},"s":{"0":2,"1":2,"2":2,"3":2,"4":0,"5":0,"6":0,"7":0,"8":0,"9":0,"10":0,"11":0,"12":0,"13":0,"14":0,"15":0,"16":0,"17":0,"18":0,"19":0,"20":0,"21":0,"22":0,"23":0,"24":0,"25":0,"26":0,"27":0,"28":0,"29":0,"30":0,"31":0,"32":0,"33":0,"34":0,"35":0,"36":0,"37":0,"38":0,"39":0},"f":{"0":2,"1":2,"2":0,"3":0,"4":0,"5":0,"6":0,"7":0},"b":{"0":[2,0],"1":[0,0],"2":[0,0],"3":[0,0]},"inputSourceMap":null,"_coverageSchema":"1a1c01bbd47fc00a2c39e90264f33305004495a9","hash":"f00527e137fa7939046eb87da1c936b35d06cb27"}
,"/Users/nikhilagrawal/IdeaProjects/fse-s24-sa4/config/ESNSpeedTestConfig.js": {"path":"/Users/nikhilagrawal/IdeaProjects/fse-s24-sa4/config/ESNSpeedTestConfig.js","statementMap":{"0":{"start":{"line":5,"column":8},"end":{"line":12,"column":9}},"1":{"start":{"line":6,"column":12},"end":{"line":6,"column":84}},"2":{"start":{"line":9,"column":12},"end":{"line":9,"column":68}},"3":{"start":{"line":10,"column":12},"end":{"line":10,"column":54}},"4":{"start":{"line":11,"column":12},"end":{"line":11,"column":42}},"5":{"start":{"line":16,"column":8},"end":{"line":18,"column":9}},"6":{"start":{"line":17,"column":12},"end":{"line":17,"column":67}},"7":{"start":{"line":19,"column":8},"end":{"line":19,"column":43}},"8":{"start":{"line":23,"column":8},"end":{"line":23,"column":37}},"9":{"start":{"line":27,"column":8},"end":{"line":33,"column":9}},"10":{"start":{"line":28,"column":12},"end":{"line":28,"column":41}},"11":{"start":{"line":29,"column":12},"end":{"line":29,"column":71}},"12":{"start":{"line":31,"column":12},"end":{"line":31,"column":63}},"13":{"start":{"line":32,"column":12},"end":{"line":32,"column":24}},"14":{"start":{"line":37,"column":8},"end":{"line":44,"column":9}},"15":{"start":{"line":38,"column":12},"end":{"line":38,"column":33}},"16":{"start":{"line":39,"column":12},"end":{"line":39,"column":66}},"17":{"start":{"line":40,"column":12},"end":{"line":40,"column":42}},"18":{"start":{"line":42,"column":12},"end":{"line":42,"column":63}},"19":{"start":{"line":43,"column":12},"end":{"line":43,"column":24}},"20":{"start":{"line":48,"column":8},"end":{"line":54,"column":9}},"21":{"start":{"line":49,"column":12},"end":{"line":49,"column":46}},"22":{"start":{"line":50,"column":12},"end":{"line":50,"column":39}},"23":{"start":{"line":52,"column":12},"end":{"line":52,"column":73}},"24":{"start":{"line":53,"column":12},"end":{"line":53,"column":24}}},"fnMap":{"0":{"name":"(anonymous_0)","decl":{"start":{"line":4,"column":4},"end":{"line":4,"column":5}},"loc":{"start":{"line":4,"column":18},"end":{"line":13,"column":5}},"line":4},"1":{"name":"(anonymous_1)","decl":{"start":{"line":15,"column":4},"end":{"line":15,"column":5}},"loc":{"start":{"line":15,"column":25},"end":{"line":20,"column":5}},"line":15},"2":{"name":"(anonymous_2)","decl":{"start":{"line":22,"column":4},"end":{"line":22,"column":5}},"loc":{"start":{"line":22,"column":25},"end":{"line":24,"column":5}},"line":22},"3":{"name":"(anonymous_3)","decl":{"start":{"line":26,"column":4},"end":{"line":26,"column":5}},"loc":{"start":{"line":26,"column":35},"end":{"line":34,"column":5}},"line":26},"4":{"name":"(anonymous_4)","decl":{"start":{"line":36,"column":4},"end":{"line":36,"column":5}},"loc":{"start":{"line":36,"column":26},"end":{"line":45,"column":5}},"line":36},"5":{"name":"(anonymous_5)","decl":{"start":{"line":47,"column":4},"end":{"line":47,"column":5}},"loc":{"start":{"line":47,"column":20},"end":{"line":55,"column":5}},"line":47}},"branchMap":{"0":{"loc":{"start":{"line":5,"column":8},"end":{"line":12,"column":9}},"type":"if","locations":[{"start":{"line":5,"column":8},"end":{"line":12,"column":9}},{"start":{"line":8,"column":13},"end":{"line":12,"column":9}}],"line":5},"1":{"loc":{"start":{"line":16,"column":8},"end":{"line":18,"column":9}},"type":"if","locations":[{"start":{"line":16,"column":8},"end":{"line":18,"column":9}},{"start":{},"end":{}}],"line":16}},"s":{"0":2,"1":0,"2":2,"3":2,"4":2,"5":10,"6":2,"7":10,"8":10,"9":0,"10":0,"11":0,"12":0,"13":0,"14":0,"15":0,"16":0,"17":0,"18":0,"19":0,"20":0,"21":0,"22":0,"23":0,"24":0},"f":{"0":2,"1":10,"2":10,"3":0,"4":0,"5":0},"b":{"0":[0,2],"1":[2,8]},"inputSourceMap":null,"_coverageSchema":"1a1c01bbd47fc00a2c39e90264f33305004495a9","hash":"e639397bc1b893c763b2bd9ede2081efba9181e7"}
,"/Users/nikhilagrawal/IdeaProjects/fse-s24-sa4/controllers/AdminController.js": {"path":"/Users/nikhilagrawal/IdeaProjects/fse-s24-sa4/controllers/AdminController.js","statementMap":{"0":{"start":{"line":11,"column":8},"end":{"line":12,"column":70}},"1":{"start":{"line":12,"column":12},"end":{"line":12,"column":70}},"2":{"start":{"line":14,"column":8},"end":{"line":14,"column":36}},"3":{"start":{"line":15,"column":8},"end":{"line":16,"column":66}},"4":{"start":{"line":16,"column":12},"end":{"line":16,"column":66}},"5":{"start":{"line":17,"column":8},"end":{"line":18,"column":67}},"6":{"start":{"line":18,"column":12},"end":{"line":18,"column":67}},"7":{"start":{"line":19,"column":29},"end":{"line":19,"column":61}},"8":{"start":{"line":20,"column":8},"end":{"line":21,"column":68}},"9":{"start":{"line":21,"column":12},"end":{"line":21,"column":68}},"10":{"start":{"line":23,"column":8},"end":{"line":23,"column":56}},"11":{"start":{"line":28,"column":8},"end":{"line":29,"column":70}},"12":{"start":{"line":29,"column":12},"end":{"line":29,"column":70}},"13":{"start":{"line":31,"column":8},"end":{"line":31,"column":36}},"14":{"start":{"line":32,"column":8},"end":{"line":33,"column":67}},"15":{"start":{"line":33,"column":12},"end":{"line":33,"column":67}},"16":{"start":{"line":34,"column":8},"end":{"line":34,"column":76}},"17":{"start":{"line":36,"column":8},"end":{"line":36,"column":56}},"18":{"start":{"line":41,"column":8},"end":{"line":42,"column":89}},"19":{"start":{"line":42,"column":12},"end":{"line":42,"column":89}},"20":{"start":{"line":43,"column":8},"end":{"line":44,"column":120}},"21":{"start":{"line":44,"column":12},"end":{"line":44,"column":120}},"22":{"start":{"line":46,"column":29},"end":{"line":46,"column":51}},"23":{"start":{"line":48,"column":25},"end":{"line":48,"column":30}},"24":{"start":{"line":49,"column":8},"end":{"line":54,"column":9}},"25":{"start":{"line":51,"column":35},"end":{"line":51,"column":72}},"26":{"start":{"line":52,"column":12},"end":{"line":53,"column":131}},"27":{"start":{"line":53,"column":16},"end":{"line":53,"column":131}},"28":{"start":{"line":56,"column":8},"end":{"line":56,"column":36}},"29":{"start":{"line":57,"column":8},"end":{"line":57,"column":82}},"30":{"start":{"line":62,"column":8},"end":{"line":63,"column":70}},"31":{"start":{"line":63,"column":12},"end":{"line":63,"column":70}},"32":{"start":{"line":64,"column":8},"end":{"line":65,"column":76}},"33":{"start":{"line":65,"column":12},"end":{"line":65,"column":76}},"34":{"start":{"line":68,"column":8},"end":{"line":73,"column":9}},"35":{"start":{"line":70,"column":35},"end":{"line":70,"column":72}},"36":{"start":{"line":71,"column":12},"end":{"line":72,"column":112}},"37":{"start":{"line":72,"column":16},"end":{"line":72,"column":112}},"38":{"start":{"line":75,"column":8},"end":{"line":75,"column":38}},"39":{"start":{"line":76,"column":8},"end":{"line":76,"column":56}},"40":{"start":{"line":80,"column":31},"end":{"line":86,"column":9}},"41":{"start":{"line":87,"column":33},"end":{"line":87,"column":74}},"42":{"start":{"line":88,"column":21},"end":{"line":88,"column":58}},"43":{"start":{"line":89,"column":8},"end":{"line":90,"column":75}},"44":{"start":{"line":90,"column":12},"end":{"line":90,"column":75}},"45":{"start":{"line":94,"column":24},"end":{"line":94,"column":95}},"46":{"start":{"line":95,"column":8},"end":{"line":96,"column":76}},"47":{"start":{"line":96,"column":12},"end":{"line":96,"column":76}},"48":{"start":{"line":98,"column":24},"end":{"line":98,"column":95}},"49":{"start":{"line":99,"column":8},"end":{"line":100,"column":76}},"50":{"start":{"line":100,"column":12},"end":{"line":100,"column":76}},"51":{"start":{"line":102,"column":24},"end":{"line":102,"column":95}},"52":{"start":{"line":103,"column":8},"end":{"line":104,"column":76}},"53":{"start":{"line":104,"column":12},"end":{"line":104,"column":76}},"54":{"start":{"line":106,"column":24},"end":{"line":106,"column":97}},"55":{"start":{"line":107,"column":8},"end":{"line":108,"column":76}},"56":{"start":{"line":108,"column":12},"end":{"line":108,"column":76}},"57":{"start":{"line":111,"column":8},"end":{"line":111,"column":28}},"58":{"start":{"line":113,"column":19},"end":{"line":113,"column":55}},"59":{"start":{"line":115,"column":8},"end":{"line":117,"column":9}},"60":{"start":{"line":116,"column":12},"end":{"line":116,"column":93}},"61":{"start":{"line":119,"column":8},"end":{"line":119,"column":99}},"62":{"start":{"line":121,"column":8},"end":{"line":121,"column":115}}},"fnMap":{"0":{"name":"(anonymous_0)","decl":{"start":{"line":7,"column":4},"end":{"line":7,"column":5}},"loc":{"start":{"line":7,"column":18},"end":{"line":7,"column":21}},"line":7},"1":{"name":"(anonymous_1)","decl":{"start":{"line":9,"column":4},"end":{"line":9,"column":5}},"loc":{"start":{"line":9,"column":55},"end":{"line":24,"column":5}},"line":9},"2":{"name":"(anonymous_2)","decl":{"start":{"line":26,"column":4},"end":{"line":26,"column":5}},"loc":{"start":{"line":26,"column":55},"end":{"line":37,"column":5}},"line":26},"3":{"name":"(anonymous_3)","decl":{"start":{"line":39,"column":4},"end":{"line":39,"column":5}},"loc":{"start":{"line":39,"column":58},"end":{"line":58,"column":5}},"line":39},"4":{"name":"(anonymous_4)","decl":{"start":{"line":60,"column":4},"end":{"line":60,"column":5}},"loc":{"start":{"line":60,"column":57},"end":{"line":77,"column":5}},"line":60},"5":{"name":"(anonymous_5)","decl":{"start":{"line":79,"column":4},"end":{"line":79,"column":5}},"loc":{"start":{"line":79,"column":31},"end":{"line":122,"column":5}},"line":79}},"branchMap":{"0":{"loc":{"start":{"line":11,"column":8},"end":{"line":12,"column":70}},"type":"if","locations":[{"start":{"line":11,"column":8},"end":{"line":12,"column":70}},{"start":{},"end":{}}],"line":11},"1":{"loc":{"start":{"line":11,"column":12},"end":{"line":11,"column":116}},"type":"binary-expr","locations":[{"start":{"line":11,"column":12},"end":{"line":11,"column":30}},{"start":{"line":11,"column":34},"end":{"line":11,"column":59}},{"start":{"line":11,"column":63},"end":{"line":11,"column":83}},{"start":{"line":11,"column":87},"end":{"line":11,"column":116}}],"line":11},"2":{"loc":{"start":{"line":15,"column":8},"end":{"line":16,"column":66}},"type":"if","locations":[{"start":{"line":15,"column":8},"end":{"line":16,"column":66}},{"start":{},"end":{}}],"line":15},"3":{"loc":{"start":{"line":17,"column":8},"end":{"line":18,"column":67}},"type":"if","locations":[{"start":{"line":17,"column":8},"end":{"line":18,"column":67}},{"start":{},"end":{}}],"line":17},"4":{"loc":{"start":{"line":20,"column":8},"end":{"line":21,"column":68}},"type":"if","locations":[{"start":{"line":20,"column":8},"end":{"line":21,"column":68}},{"start":{},"end":{}}],"line":20},"5":{"loc":{"start":{"line":28,"column":8},"end":{"line":29,"column":70}},"type":"if","locations":[{"start":{"line":28,"column":8},"end":{"line":29,"column":70}},{"start":{},"end":{}}],"line":28},"6":{"loc":{"start":{"line":28,"column":12},"end":{"line":28,"column":83}},"type":"binary-expr","locations":[{"start":{"line":28,"column":12},"end":{"line":28,"column":30}},{"start":{"line":28,"column":34},"end":{"line":28,"column":59}},{"start":{"line":28,"column":63},"end":{"line":28,"column":83}}],"line":28},"7":{"loc":{"start":{"line":32,"column":8},"end":{"line":33,"column":67}},"type":"if","locations":[{"start":{"line":32,"column":8},"end":{"line":33,"column":67}},{"start":{},"end":{}}],"line":32},"8":{"loc":{"start":{"line":41,"column":8},"end":{"line":42,"column":89}},"type":"if","locations":[{"start":{"line":41,"column":8},"end":{"line":42,"column":89}},{"start":{},"end":{}}],"line":41},"9":{"loc":{"start":{"line":41,"column":12},"end":{"line":41,"column":138}},"type":"binary-expr","locations":[{"start":{"line":41,"column":12},"end":{"line":41,"column":33}},{"start":{"line":41,"column":37},"end":{"line":41,"column":65}},{"start":{"line":41,"column":69},"end":{"line":41,"column":92}},{"start":{"line":41,"column":96},"end":{"line":41,"column":138}}],"line":41},"10":{"loc":{"start":{"line":43,"column":8},"end":{"line":44,"column":120}},"type":"if","locations":[{"start":{"line":43,"column":8},"end":{"line":44,"column":120}},{"start":{},"end":{}}],"line":43},"11":{"loc":{"start":{"line":49,"column":8},"end":{"line":54,"column":9}},"type":"if","locations":[{"start":{"line":49,"column":8},"end":{"line":54,"column":9}},{"start":{},"end":{}}],"line":49},"12":{"loc":{"start":{"line":49,"column":12},"end":{"line":49,"column":59}},"type":"binary-expr","locations":[{"start":{"line":49,"column":12},"end":{"line":49,"column":26}},{"start":{"line":49,"column":30},"end":{"line":49,"column":43}},{"start":{"line":49,"column":47},"end":{"line":49,"column":59}}],"line":49},"13":{"loc":{"start":{"line":52,"column":12},"end":{"line":53,"column":131}},"type":"if","locations":[{"start":{"line":52,"column":12},"end":{"line":53,"column":131}},{"start":{},"end":{}}],"line":52},"14":{"loc":{"start":{"line":62,"column":8},"end":{"line":63,"column":70}},"type":"if","locations":[{"start":{"line":62,"column":8},"end":{"line":63,"column":70}},{"start":{},"end":{}}],"line":62},"15":{"loc":{"start":{"line":62,"column":12},"end":{"line":62,"column":121}},"type":"binary-expr","locations":[{"start":{"line":62,"column":12},"end":{"line":62,"column":31}},{"start":{"line":62,"column":35},"end":{"line":62,"column":61}},{"start":{"line":62,"column":65},"end":{"line":62,"column":86}},{"start":{"line":62,"column":90},"end":{"line":62,"column":121}}],"line":62},"16":{"loc":{"start":{"line":64,"column":8},"end":{"line":65,"column":76}},"type":"if","locations":[{"start":{"line":64,"column":8},"end":{"line":65,"column":76}},{"start":{},"end":{}}],"line":64},"17":{"loc":{"start":{"line":68,"column":8},"end":{"line":73,"column":9}},"type":"if","locations":[{"start":{"line":68,"column":8},"end":{"line":73,"column":9}},{"start":{},"end":{}}],"line":68},"18":{"loc":{"start":{"line":68,"column":12},"end":{"line":68,"column":79}},"type":"binary-expr","locations":[{"start":{"line":68,"column":12},"end":{"line":68,"column":25}},{"start":{"line":68,"column":29},"end":{"line":68,"column":43}},{"start":{"line":68,"column":47},"end":{"line":68,"column":79}}],"line":68},"19":{"loc":{"start":{"line":71,"column":12},"end":{"line":72,"column":112}},"type":"if","locations":[{"start":{"line":71,"column":12},"end":{"line":72,"column":112}},{"start":{},"end":{}}],"line":71},"20":{"loc":{"start":{"line":89,"column":8},"end":{"line":90,"column":75}},"type":"if","locations":[{"start":{"line":89,"column":8},"end":{"line":90,"column":75}},{"start":{},"end":{}}],"line":89},"21":{"loc":{"start":{"line":95,"column":8},"end":{"line":96,"column":76}},"type":"if","locations":[{"start":{"line":95,"column":8},"end":{"line":96,"column":76}},{"start":{},"end":{}}],"line":95},"22":{"loc":{"start":{"line":99,"column":8},"end":{"line":100,"column":76}},"type":"if","locations":[{"start":{"line":99,"column":8},"end":{"line":100,"column":76}},{"start":{},"end":{}}],"line":99},"23":{"loc":{"start":{"line":103,"column":8},"end":{"line":104,"column":76}},"type":"if","locations":[{"start":{"line":103,"column":8},"end":{"line":104,"column":76}},{"start":{},"end":{}}],"line":103},"24":{"loc":{"start":{"line":107,"column":8},"end":{"line":108,"column":76}},"type":"if","locations":[{"start":{"line":107,"column":8},"end":{"line":108,"column":76}},{"start":{},"end":{}}],"line":107},"25":{"loc":{"start":{"line":115,"column":8},"end":{"line":117,"column":9}},"type":"if","locations":[{"start":{"line":115,"column":8},"end":{"line":117,"column":9}},{"start":{},"end":{}}],"line":115}},"s":{"0":2,"1":1,"2":1,"3":1,"4":0,"5":1,"6":0,"7":1,"8":1,"9":0,"10":1,"11":1,"12":1,"13":0,"14":0,"15":0,"16":0,"17":0,"18":2,"19":1,"20":1,"21":0,"22":1,"23":1,"24":1,"25":0,"26":0,"27":0,"28":1,"29":1,"30":3,"31":1,"32":2,"33":0,"34":2,"35":1,"36":1,"37":1,"38":1,"39":1,"40":1,"41":1,"42":1,"43":1,"44":0,"45":1,"46":1,"47":0,"48":1,"49":1,"50":0,"51":1,"52":1,"53":0,"54":1,"55":1,"56":0,"57":1,"58":1,"59":1,"60":0,"61":1,"62":1},"f":{"0":1,"1":2,"2":1,"3":2,"4":3,"5":1},"b":{"0":[1,1],"1":[2,2,1,1],"2":[0,1],"3":[0,1],"4":[0,1],"5":[1,0],"6":[1,1,0],"7":[0,0],"8":[1,1],"9":[2,2,1,1],"10":[0,1],"11":[0,1],"12":[1,0,0],"13":[0,0],"14":[1,2],"15":[3,3,2,2],"16":[0,2],"17":[1,1],"18":[2,2,1],"19":[1,0],"20":[0,1],"21":[0,1],"22":[0,1],"23":[0,1],"24":[0,1],"25":[0,1]},"inputSourceMap":null,"_coverageSchema":"1a1c01bbd47fc00a2c39e90264f33305004495a9","hash":"9e2f1b736154bfa1afad0edce06e9882e2249698"}
,"/Users/nikhilagrawal/IdeaProjects/fse-s24-sa4/controllers/AnnouncementController.js": {"path":"/Users/nikhilagrawal/IdeaProjects/fse-s24-sa4/controllers/AnnouncementController.js","statementMap":{"0":{"start":{"line":9,"column":8},"end":{"line":9,"column":65}},"1":{"start":{"line":13,"column":30},"end":{"line":13,"column":75}},"2":{"start":{"line":14,"column":8},"end":{"line":14,"column":50}},"3":{"start":{"line":18,"column":36},"end":{"line":18,"column":64}},"4":{"start":{"line":19,"column":27},"end":{"line":19,"column":45}},"5":{"start":{"line":20,"column":8},"end":{"line":22,"column":9}},"6":{"start":{"line":21,"column":12},"end":{"line":21,"column":94}},"7":{"start":{"line":23,"column":21},"end":{"line":23,"column":59}},"8":{"start":{"line":24,"column":8},"end":{"line":29,"column":9}},"9":{"start":{"line":25,"column":12},"end":{"line":25,"column":84}},"10":{"start":{"line":26,"column":12},"end":{"line":26,"column":54}},"11":{"start":{"line":27,"column":12},"end":{"line":27,"column":38}},"12":{"start":{"line":28,"column":12},"end":{"line":28,"column":60}},"13":{"start":{"line":31,"column":32},"end":{"line":31,"column":50}},"14":{"start":{"line":32,"column":8},"end":{"line":35,"column":11}},"15":{"start":{"line":36,"column":8},"end":{"line":36,"column":37}},"16":{"start":{"line":38,"column":19},"end":{"line":38,"column":55}},"17":{"start":{"line":39,"column":8},"end":{"line":39,"column":66}},"18":{"start":{"line":40,"column":8},"end":{"line":40,"column":82}}},"fnMap":{"0":{"name":"(anonymous_0)","decl":{"start":{"line":8,"column":4},"end":{"line":8,"column":5}},"loc":{"start":{"line":8,"column":18},"end":{"line":10,"column":5}},"line":8},"1":{"name":"(anonymous_1)","decl":{"start":{"line":12,"column":4},"end":{"line":12,"column":5}},"loc":{"start":{"line":12,"column":42},"end":{"line":15,"column":5}},"line":12},"2":{"name":"(anonymous_2)","decl":{"start":{"line":17,"column":4},"end":{"line":17,"column":5}},"loc":{"start":{"line":17,"column":37},"end":{"line":41,"column":5}},"line":17}},"branchMap":{"0":{"loc":{"start":{"line":20,"column":8},"end":{"line":22,"column":9}},"type":"if","locations":[{"start":{"line":20,"column":8},"end":{"line":22,"column":9}},{"start":{},"end":{}}],"line":20},"1":{"loc":{"start":{"line":24,"column":8},"end":{"line":29,"column":9}},"type":"if","locations":[{"start":{"line":24,"column":8},"end":{"line":29,"column":9}},{"start":{},"end":{}}],"line":24}},"s":{"0":4,"1":1,"2":1,"3":3,"4":3,"5":3,"6":1,"7":2,"8":2,"9":1,"10":1,"11":1,"12":1,"13":1,"14":1,"15":1,"16":1,"17":1,"18":1},"f":{"0":4,"1":1,"2":3},"b":{"0":[1,2],"1":[1,1]},"inputSourceMap":null,"_coverageSchema":"1a1c01bbd47fc00a2c39e90264f33305004495a9","hash":"45826f29ab414b162a6a034f20402924654f0049"}
,"/Users/nikhilagrawal/IdeaProjects/fse-s24-sa4/controllers/AuthController.js": {"path":"/Users/nikhilagrawal/IdeaProjects/fse-s24-sa4/controllers/AuthController.js","statementMap":{"0":{"start":{"line":12,"column":25},"end":{"line":12,"column":64}},"1":{"start":{"line":13,"column":25},"end":{"line":13,"column":42}},"2":{"start":{"line":14,"column":8},"end":{"line":14,"column":79}},"3":{"start":{"line":16,"column":22},"end":{"line":19,"column":10}},"4":{"start":{"line":21,"column":27},"end":{"line":21,"column":45}},"5":{"start":{"line":22,"column":8},"end":{"line":26,"column":9}},"6":{"start":{"line":23,"column":12},"end":{"line":23,"column":78}},"7":{"start":{"line":24,"column":12},"end":{"line":24,"column":57}},"8":{"start":{"line":25,"column":12},"end":{"line":25,"column":60}},"9":{"start":{"line":27,"column":8},"end":{"line":31,"column":9}},"10":{"start":{"line":28,"column":12},"end":{"line":28,"column":83}},"11":{"start":{"line":29,"column":12},"end":{"line":29,"column":58}},"12":{"start":{"line":30,"column":12},"end":{"line":30,"column":62}},"13":{"start":{"line":32,"column":8},"end":{"line":36,"column":9}},"14":{"start":{"line":33,"column":12},"end":{"line":33,"column":83}},"15":{"start":{"line":34,"column":12},"end":{"line":34,"column":58}},"16":{"start":{"line":35,"column":12},"end":{"line":35,"column":62}},"17":{"start":{"line":37,"column":29},"end":{"line":37,"column":71}},"18":{"start":{"line":38,"column":8},"end":{"line":42,"column":9}},"19":{"start":{"line":39,"column":12},"end":{"line":39,"column":84}},"20":{"start":{"line":40,"column":12},"end":{"line":40,"column":59}},"21":{"start":{"line":41,"column":12},"end":{"line":41,"column":62}},"22":{"start":{"line":44,"column":8},"end":{"line":44,"column":29}},"23":{"start":{"line":45,"column":8},"end":{"line":47,"column":49}},"24":{"start":{"line":51,"column":25},"end":{"line":51,"column":65}},"25":{"start":{"line":52,"column":8},"end":{"line":52,"column":55}},"26":{"start":{"line":54,"column":27},"end":{"line":54,"column":45}},"27":{"start":{"line":55,"column":21},"end":{"line":55,"column":50}},"28":{"start":{"line":56,"column":8},"end":{"line":61,"column":9}},"29":{"start":{"line":57,"column":12},"end":{"line":57,"column":65}},"30":{"start":{"line":58,"column":12},"end":{"line":58,"column":54}},"31":{"start":{"line":59,"column":12},"end":{"line":59,"column":38}},"32":{"start":{"line":60,"column":12},"end":{"line":60,"column":60}},"33":{"start":{"line":63,"column":8},"end":{"line":65,"column":59}},"34":{"start":{"line":69,"column":25},"end":{"line":69,"column":64}},"35":{"start":{"line":70,"column":25},"end":{"line":70,"column":42}},"36":{"start":{"line":71,"column":8},"end":{"line":71,"column":53}},"37":{"start":{"line":73,"column":27},"end":{"line":73,"column":45}},"38":{"start":{"line":74,"column":21},"end":{"line":74,"column":50}},"39":{"start":{"line":75,"column":8},"end":{"line":80,"column":9}},"40":{"start":{"line":76,"column":12},"end":{"line":76,"column":65}},"41":{"start":{"line":77,"column":12},"end":{"line":77,"column":54}},"42":{"start":{"line":78,"column":12},"end":{"line":78,"column":38}},"43":{"start":{"line":79,"column":12},"end":{"line":79,"column":60}},"44":{"start":{"line":81,"column":8},"end":{"line":84,"column":9}},"45":{"start":{"line":82,"column":12},"end":{"line":82,"column":54}},"46":{"start":{"line":83,"column":12},"end":{"line":83,"column":62}},"47":{"start":{"line":86,"column":8},"end":{"line":90,"column":9}},"48":{"start":{"line":87,"column":12},"end":{"line":87,"column":73}},"49":{"start":{"line":88,"column":12},"end":{"line":88,"column":94}},"50":{"start":{"line":89,"column":12},"end":{"line":89,"column":60}},"51":{"start":{"line":91,"column":8},"end":{"line":95,"column":9}},"52":{"start":{"line":92,"column":12},"end":{"line":92,"column":77}},"53":{"start":{"line":93,"column":12},"end":{"line":93,"column":68}},"54":{"start":{"line":94,"column":12},"end":{"line":94,"column":63}},"55":{"start":{"line":96,"column":8},"end":{"line":96,"column":41}},"56":{"start":{"line":97,"column":22},"end":{"line":97,"column":91}},"57":{"start":{"line":98,"column":8},"end":{"line":100,"column":71}},"58":{"start":{"line":104,"column":25},"end":{"line":104,"column":65}},"59":{"start":{"line":105,"column":8},"end":{"line":105,"column":54}},"60":{"start":{"line":107,"column":8},"end":{"line":118,"column":9}},"61":{"start":{"line":108,"column":25},"end":{"line":108,"column":54}},"62":{"start":{"line":109,"column":12},"end":{"line":111,"column":13}},"63":{"start":{"line":110,"column":16},"end":{"line":110,"column":68}},"64":{"start":{"line":112,"column":12},"end":{"line":112,"column":46}},"65":{"start":{"line":114,"column":12},"end":{"line":114,"column":66}},"66":{"start":{"line":116,"column":12},"end":{"line":116,"column":83}},"67":{"start":{"line":117,"column":12},"end":{"line":117,"column":79}},"68":{"start":{"line":123,"column":8},"end":{"line":127,"column":11}},"69":{"start":{"line":124,"column":12},"end":{"line":124,"column":53}},"70":{"start":{"line":124,"column":43},"end":{"line":124,"column":53}},"71":{"start":{"line":125,"column":12},"end":{"line":125,"column":52}},"72":{"start":{"line":125,"column":43},"end":{"line":125,"column":52}},"73":{"start":{"line":126,"column":12},"end":{"line":126,"column":56}},"74":{"start":{"line":132,"column":8},"end":{"line":152,"column":12}},"75":{"start":{"line":133,"column":29},"end":{"line":133,"column":95}},"76":{"start":{"line":134,"column":28},"end":{"line":134,"column":47}},"77":{"start":{"line":135,"column":27},"end":{"line":140,"column":17}},"78":{"start":{"line":136,"column":16},"end":{"line":138,"column":17}},"79":{"start":{"line":137,"column":20},"end":{"line":137,"column":35}},"80":{"start":{"line":139,"column":16},"end":{"line":139,"column":27}},"81":{"start":{"line":141,"column":32},"end":{"line":141,"column":47}},"82":{"start":{"line":142,"column":35},"end":{"line":142,"column":103}},"83":{"start":{"line":144,"column":12},"end":{"line":151,"column":14}},"84":{"start":{"line":157,"column":8},"end":{"line":168,"column":9}},"85":{"start":{"line":158,"column":27},"end":{"line":158,"column":35}},"86":{"start":{"line":159,"column":24},"end":{"line":159,"column":48}},"87":{"start":{"line":160,"column":12},"end":{"line":161,"column":62}},"88":{"start":{"line":161,"column":16},"end":{"line":161,"column":62}},"89":{"start":{"line":161,"column":47},"end":{"line":161,"column":60}},"90":{"start":{"line":162,"column":12},"end":{"line":162,"column":52}},"91":{"start":{"line":163,"column":35},"end":{"line":163,"column":85}},"92":{"start":{"line":164,"column":12},"end":{"line":164,"column":37}},"93":{"start":{"line":166,"column":12},"end":{"line":166,"column":65}},"94":{"start":{"line":167,"column":12},"end":{"line":167,"column":58}},"95":{"start":{"line":172,"column":25},"end":{"line":172,"column":65}},"96":{"start":{"line":173,"column":8},"end":{"line":173,"column":60}},"97":{"start":{"line":174,"column":27},"end":{"line":174,"column":45}},"98":{"start":{"line":176,"column":8},"end":{"line":187,"column":9}},"99":{"start":{"line":177,"column":25},"end":{"line":177,"column":54}},"100":{"start":{"line":178,"column":12},"end":{"line":178,"column":42}},"101":{"start":{"line":180,"column":26},"end":{"line":180,"column":95}},"102":{"start":{"line":181,"column":12},"end":{"line":183,"column":74}},"103":{"start":{"line":185,"column":12},"end":{"line":185,"column":99}},"104":{"start":{"line":186,"column":12},"end":{"line":186,"column":85}}},"fnMap":{"0":{"name":"(anonymous_0)","decl":{"start":{"line":9,"column":4},"end":{"line":9,"column":5}},"loc":{"start":{"line":9,"column":18},"end":{"line":9,"column":21}},"line":9},"1":{"name":"(anonymous_1)","decl":{"start":{"line":11,"column":4},"end":{"line":11,"column":5}},"loc":{"start":{"line":11,"column":29},"end":{"line":48,"column":5}},"line":11},"2":{"name":"(anonymous_2)","decl":{"start":{"line":50,"column":4},"end":{"line":50,"column":5}},"loc":{"start":{"line":50,"column":28},"end":{"line":66,"column":5}},"line":50},"3":{"name":"(anonymous_3)","decl":{"start":{"line":68,"column":4},"end":{"line":68,"column":5}},"loc":{"start":{"line":68,"column":26},"end":{"line":101,"column":5}},"line":68},"4":{"name":"(anonymous_4)","decl":{"start":{"line":103,"column":4},"end":{"line":103,"column":5}},"loc":{"start":{"line":103,"column":27},"end":{"line":119,"column":5}},"line":103},"5":{"name":"(anonymous_5)","decl":{"start":{"line":122,"column":4},"end":{"line":122,"column":5}},"loc":{"start":{"line":122,"column":28},"end":{"line":128,"column":5}},"line":122},"6":{"name":"(anonymous_6)","decl":{"start":{"line":123,"column":26},"end":{"line":123,"column":27}},"loc":{"start":{"line":123,"column":36},"end":{"line":127,"column":9}},"line":123},"7":{"name":"(anonymous_7)","decl":{"start":{"line":131,"column":4},"end":{"line":131,"column":5}},"loc":{"start":{"line":131,"column":47},"end":{"line":153,"column":5}},"line":131},"8":{"name":"(anonymous_8)","decl":{"start":{"line":132,"column":37},"end":{"line":132,"column":38}},"loc":{"start":{"line":132,"column":53},"end":{"line":152,"column":9}},"line":132},"9":{"name":"(anonymous_9)","decl":{"start":{"line":135,"column":43},"end":{"line":135,"column":44}},"loc":{"start":{"line":135,"column":61},"end":{"line":140,"column":13}},"line":135},"10":{"name":"(anonymous_10)","decl":{"start":{"line":156,"column":4},"end":{"line":156,"column":5}},"loc":{"start":{"line":156,"column":32},"end":{"line":169,"column":5}},"line":156},"11":{"name":"(anonymous_11)","decl":{"start":{"line":161,"column":37},"end":{"line":161,"column":38}},"loc":{"start":{"line":161,"column":47},"end":{"line":161,"column":60}},"line":161},"12":{"name":"(anonymous_12)","decl":{"start":{"line":171,"column":4},"end":{"line":171,"column":5}},"loc":{"start":{"line":171,"column":33},"end":{"line":188,"column":5}},"line":171}},"branchMap":{"0":{"loc":{"start":{"line":22,"column":8},"end":{"line":26,"column":9}},"type":"if","locations":[{"start":{"line":22,"column":8},"end":{"line":26,"column":9}},{"start":{},"end":{}}],"line":22},"1":{"loc":{"start":{"line":27,"column":8},"end":{"line":31,"column":9}},"type":"if","locations":[{"start":{"line":27,"column":8},"end":{"line":31,"column":9}},{"start":{},"end":{}}],"line":27},"2":{"loc":{"start":{"line":32,"column":8},"end":{"line":36,"column":9}},"type":"if","locations":[{"start":{"line":32,"column":8},"end":{"line":36,"column":9}},{"start":{},"end":{}}],"line":32},"3":{"loc":{"start":{"line":38,"column":8},"end":{"line":42,"column":9}},"type":"if","locations":[{"start":{"line":38,"column":8},"end":{"line":42,"column":9}},{"start":{},"end":{}}],"line":38},"4":{"loc":{"start":{"line":56,"column":8},"end":{"line":61,"column":9}},"type":"if","locations":[{"start":{"line":56,"column":8},"end":{"line":61,"column":9}},{"start":{},"end":{}}],"line":56},"5":{"loc":{"start":{"line":75,"column":8},"end":{"line":80,"column":9}},"type":"if","locations":[{"start":{"line":75,"column":8},"end":{"line":80,"column":9}},{"start":{},"end":{}}],"line":75},"6":{"loc":{"start":{"line":81,"column":8},"end":{"line":84,"column":9}},"type":"if","locations":[{"start":{"line":81,"column":8},"end":{"line":84,"column":9}},{"start":{},"end":{}}],"line":81},"7":{"loc":{"start":{"line":86,"column":8},"end":{"line":90,"column":9}},"type":"if","locations":[{"start":{"line":86,"column":8},"end":{"line":90,"column":9}},{"start":{},"end":{}}],"line":86},"8":{"loc":{"start":{"line":91,"column":8},"end":{"line":95,"column":9}},"type":"if","locations":[{"start":{"line":91,"column":8},"end":{"line":95,"column":9}},{"start":{},"end":{}}],"line":91},"9":{"loc":{"start":{"line":109,"column":12},"end":{"line":111,"column":13}},"type":"if","locations":[{"start":{"line":109,"column":12},"end":{"line":111,"column":13}},{"start":{},"end":{}}],"line":109},"10":{"loc":{"start":{"line":124,"column":12},"end":{"line":124,"column":53}},"type":"if","locations":[{"start":{"line":124,"column":12},"end":{"line":124,"column":53}},{"start":{},"end":{}}],"line":124},"11":{"loc":{"start":{"line":124,"column":16},"end":{"line":124,"column":41}},"type":"binary-expr","locations":[{"start":{"line":124,"column":16},"end":{"line":124,"column":26}},{"start":{"line":124,"column":30},"end":{"line":124,"column":41}}],"line":124},"12":{"loc":{"start":{"line":125,"column":12},"end":{"line":125,"column":52}},"type":"if","locations":[{"start":{"line":125,"column":12},"end":{"line":125,"column":52}},{"start":{},"end":{}}],"line":125},"13":{"loc":{"start":{"line":125,"column":16},"end":{"line":125,"column":41}},"type":"binary-expr","locations":[{"start":{"line":125,"column":16},"end":{"line":125,"column":27}},{"start":{"line":125,"column":31},"end":{"line":125,"column":41}}],"line":125},"14":{"loc":{"start":{"line":136,"column":16},"end":{"line":138,"column":17}},"type":"if","locations":[{"start":{"line":136,"column":16},"end":{"line":138,"column":17}},{"start":{},"end":{}}],"line":136},"15":{"loc":{"start":{"line":136,"column":20},"end":{"line":136,"column":113}},"type":"binary-expr","locations":[{"start":{"line":136,"column":20},"end":{"line":136,"column":54}},{"start":{"line":136,"column":58},"end":{"line":136,"column":94}},{"start":{"line":136,"column":98},"end":{"line":136,"column":113}}],"line":136},"16":{"loc":{"start":{"line":142,"column":35},"end":{"line":142,"column":103}},"type":"cond-expr","locations":[{"start":{"line":142,"column":49},"end":{"line":142,"column":98}},{"start":{"line":142,"column":101},"end":{"line":142,"column":103}}],"line":142},"17":{"loc":{"start":{"line":160,"column":12},"end":{"line":161,"column":62}},"type":"if","locations":[{"start":{"line":160,"column":12},"end":{"line":161,"column":62}},{"start":{},"end":{}}],"line":160}},"s":{"0":1,"1":1,"2":1,"3":1,"4":1,"5":1,"6":0,"7":0,"8":0,"9":1,"10":0,"11":0,"12":0,"13":1,"14":0,"15":0,"16":0,"17":1,"18":1,"19":0,"20":0,"21":0,"22":1,"23":1,"24":1,"25":1,"26":1,"27":1,"28":1,"29":1,"30":1,"31":1,"32":1,"33":0,"34":3,"35":3,"36":3,"37":3,"38":3,"39":3,"40":1,"41":1,"42":1,"43":1,"44":2,"45":1,"46":1,"47":1,"48":0,"49":0,"50":0,"51":1,"52":0,"53":0,"54":0,"55":1,"56":1,"57":1,"58":1,"59":1,"60":1,"61":1,"62":1,"63":0,"64":1,"65":1,"66":0,"67":0,"68":3,"69":3,"70":0,"71":3,"72":3,"73":0,"74":3,"75":6,"76":6,"77":6,"78":0,"79":0,"80":0,"81":6,"82":6,"83":6,"84":3,"85":3,"86":3,"87":3,"88":0,"89":0,"90":3,"91":3,"92":3,"93":0,"94":0,"95":1,"96":1,"97":1,"98":1,"99":1,"100":1,"101":1,"102":1,"103":0,"104":0},"f":{"0":10,"1":1,"2":1,"3":3,"4":1,"5":3,"6":3,"7":3,"8":6,"9":0,"10":3,"11":0,"12":1},"b":{"0":[0,1],"1":[0,1],"2":[0,1],"3":[0,1],"4":[1,0],"5":[1,2],"6":[1,1],"7":[0,1],"8":[0,1],"9":[0,1],"10":[0,3],"11":[3,0],"12":[3,0],"13":[3,3],"14":[0,0],"15":[0,0,0],"16":[0,6],"17":[0,3]},"inputSourceMap":null,"_coverageSchema":"1a1c01bbd47fc00a2c39e90264f33305004495a9","hash":"d4ea84a27d3ce99936aea9de26d9d6d134b16d48"}
,"/Users/nikhilagrawal/IdeaProjects/fse-s24-sa4/controllers/IncidentController.js": {"path":"/Users/nikhilagrawal/IdeaProjects/fse-s24-sa4/controllers/IncidentController.js","statementMap":{"0":{"start":{"line":7,"column":4},"end":{"line":7,"column":57}},"1":{"start":{"line":11,"column":4},"end":{"line":22,"column":5}},"2":{"start":{"line":12,"column":24},"end":{"line":12,"column":56}},"3":{"start":{"line":13,"column":6},"end":{"line":18,"column":7}},"4":{"start":{"line":14,"column":8},"end":{"line":14,"column":46}},"5":{"start":{"line":16,"column":8},"end":{"line":16,"column":44}},"6":{"start":{"line":17,"column":8},"end":{"line":17,"column":77}},"7":{"start":{"line":20,"column":6},"end":{"line":20,"column":58}},"8":{"start":{"line":21,"column":6},"end":{"line":21,"column":90}},"9":{"start":{"line":26,"column":4},"end":{"line":59,"column":5}},"10":{"start":{"line":27,"column":64},"end":{"line":27,"column":72}},"11":{"start":{"line":28,"column":25},"end":{"line":28,"column":43}},"12":{"start":{"line":29,"column":6},"end":{"line":31,"column":7}},"13":{"start":{"line":30,"column":8},"end":{"line":30,"column":84}},"14":{"start":{"line":33,"column":19},"end":{"line":33,"column":57}},"15":{"start":{"line":35,"column":6},"end":{"line":40,"column":7}},"16":{"start":{"line":36,"column":8},"end":{"line":36,"column":78}},"17":{"start":{"line":37,"column":12},"end":{"line":37,"column":54}},"18":{"start":{"line":38,"column":12},"end":{"line":38,"column":38}},"19":{"start":{"line":39,"column":12},"end":{"line":39,"column":60}},"20":{"start":{"line":42,"column":26},"end":{"line":42,"column":40}},"21":{"start":{"line":43,"column":6},"end":{"line":51,"column":9}},"22":{"start":{"line":53,"column":6},"end":{"line":53,"column":39}},"23":{"start":{"line":55,"column":6},"end":{"line":55,"column":123}},"24":{"start":{"line":57,"column":6},"end":{"line":57,"column":55}},"25":{"start":{"line":58,"column":6},"end":{"line":58,"column":90}},"26":{"start":{"line":63,"column":4},"end":{"line":76,"column":5}},"27":{"start":{"line":64,"column":25},"end":{"line":64,"column":39}},"28":{"start":{"line":65,"column":6},"end":{"line":65,"column":65}},"29":{"start":{"line":67,"column":30},"end":{"line":67,"column":75}},"30":{"start":{"line":68,"column":6},"end":{"line":70,"column":7}},"31":{"start":{"line":69,"column":8},"end":{"line":69,"column":77}},"32":{"start":{"line":72,"column":6},"end":{"line":72,"column":79}},"33":{"start":{"line":74,"column":6},"end":{"line":74,"column":55}},"34":{"start":{"line":75,"column":6},"end":{"line":75,"column":90}},"35":{"start":{"line":80,"column":4},"end":{"line":121,"column":5}},"36":{"start":{"line":81,"column":25},"end":{"line":81,"column":39}},"37":{"start":{"line":82,"column":54},"end":{"line":82,"column":62}},"38":{"start":{"line":83,"column":27},"end":{"line":83,"column":45}},"39":{"start":{"line":85,"column":26},"end":{"line":85,"column":113}},"40":{"start":{"line":86,"column":28},"end":{"line":86,"column":95}},"41":{"start":{"line":86,"column":66},"end":{"line":86,"column":94}},"42":{"start":{"line":88,"column":6},"end":{"line":90,"column":7}},"43":{"start":{"line":89,"column":8},"end":{"line":89,"column":82}},"44":{"start":{"line":91,"column":28},"end":{"line":96,"column":7}},"45":{"start":{"line":98,"column":19},"end":{"line":98,"column":57}},"46":{"start":{"line":100,"column":6},"end":{"line":105,"column":7}},"47":{"start":{"line":101,"column":8},"end":{"line":101,"column":78}},"48":{"start":{"line":102,"column":12},"end":{"line":102,"column":54}},"49":{"start":{"line":103,"column":12},"end":{"line":103,"column":38}},"50":{"start":{"line":104,"column":12},"end":{"line":104,"column":60}},"51":{"start":{"line":107,"column":6},"end":{"line":107,"column":40}},"52":{"start":{"line":109,"column":30},"end":{"line":109,"column":86}},"53":{"start":{"line":110,"column":6},"end":{"line":112,"column":7}},"54":{"start":{"line":111,"column":8},"end":{"line":111,"column":77}},"55":{"start":{"line":114,"column":6},"end":{"line":117,"column":9}},"56":{"start":{"line":119,"column":6},"end":{"line":119,"column":55}},"57":{"start":{"line":120,"column":6},"end":{"line":120,"column":90}}},"fnMap":{"0":{"name":"(anonymous_0)","decl":{"start":{"line":6,"column":2},"end":{"line":6,"column":3}},"loc":{"start":{"line":6,"column":16},"end":{"line":8,"column":3}},"line":6},"1":{"name":"(anonymous_1)","decl":{"start":{"line":10,"column":2},"end":{"line":10,"column":3}},"loc":{"start":{"line":10,"column":34},"end":{"line":23,"column":3}},"line":10},"2":{"name":"(anonymous_2)","decl":{"start":{"line":25,"column":2},"end":{"line":25,"column":3}},"loc":{"start":{"line":25,"column":33},"end":{"line":60,"column":3}},"line":25},"3":{"name":"(anonymous_3)","decl":{"start":{"line":62,"column":2},"end":{"line":62,"column":3}},"loc":{"start":{"line":62,"column":33},"end":{"line":77,"column":3}},"line":62},"4":{"name":"(anonymous_4)","decl":{"start":{"line":79,"column":2},"end":{"line":79,"column":3}},"loc":{"start":{"line":79,"column":33},"end":{"line":122,"column":3}},"line":79},"5":{"name":"(anonymous_5)","decl":{"start":{"line":86,"column":57},"end":{"line":86,"column":58}},"loc":{"start":{"line":86,"column":66},"end":{"line":86,"column":94}},"line":86}},"branchMap":{"0":{"loc":{"start":{"line":13,"column":6},"end":{"line":18,"column":7}},"type":"if","locations":[{"start":{"line":13,"column":6},"end":{"line":18,"column":7}},{"start":{"line":15,"column":13},"end":{"line":18,"column":7}}],"line":13},"1":{"loc":{"start":{"line":29,"column":6},"end":{"line":31,"column":7}},"type":"if","locations":[{"start":{"line":29,"column":6},"end":{"line":31,"column":7}},{"start":{},"end":{}}],"line":29},"2":{"loc":{"start":{"line":29,"column":10},"end":{"line":29,"column":68}},"type":"binary-expr","locations":[{"start":{"line":29,"column":10},"end":{"line":29,"column":15}},{"start":{"line":29,"column":19},"end":{"line":29,"column":31}},{"start":{"line":29,"column":35},"end":{"line":29,"column":44}},{"start":{"line":29,"column":48},"end":{"line":29,"column":55}},{"start":{"line":29,"column":59},"end":{"line":29,"column":68}}],"line":29},"3":{"loc":{"start":{"line":35,"column":6},"end":{"line":40,"column":7}},"type":"if","locations":[{"start":{"line":35,"column":6},"end":{"line":40,"column":7}},{"start":{},"end":{}}],"line":35},"4":{"loc":{"start":{"line":68,"column":6},"end":{"line":70,"column":7}},"type":"if","locations":[{"start":{"line":68,"column":6},"end":{"line":70,"column":7}},{"start":{},"end":{}}],"line":68},"5":{"loc":{"start":{"line":88,"column":6},"end":{"line":90,"column":7}},"type":"if","locations":[{"start":{"line":88,"column":6},"end":{"line":90,"column":7}},{"start":{},"end":{}}],"line":88},"6":{"loc":{"start":{"line":100,"column":6},"end":{"line":105,"column":7}},"type":"if","locations":[{"start":{"line":100,"column":6},"end":{"line":105,"column":7}},{"start":{},"end":{}}],"line":100},"7":{"loc":{"start":{"line":110,"column":6},"end":{"line":112,"column":7}},"type":"if","locations":[{"start":{"line":110,"column":6},"end":{"line":112,"column":7}},{"start":{},"end":{}}],"line":110}},"s":{"0":10,"1":2,"2":2,"3":1,"4":1,"5":0,"6":0,"7":1,"8":1,"9":3,"10":3,"11":3,"12":3,"13":1,"14":2,"15":2,"16":1,"17":1,"18":1,"19":1,"20":1,"21":1,"22":1,"23":1,"24":0,"25":0,"26":2,"27":2,"28":2,"29":2,"30":2,"31":1,"32":1,"33":0,"34":0,"35":3,"36":3,"37":3,"38":3,"39":3,"40":3,"41":9,"42":3,"43":1,"44":2,"45":2,"46":2,"47":0,"48":0,"49":0,"50":0,"51":2,"52":2,"53":2,"54":1,"55":1,"56":0,"57":0},"f":{"0":10,"1":2,"2":3,"3":2,"4":3,"5":9},"b":{"0":[1,0],"1":[1,2],"2":[3,2,2,2,2],"3":[1,1],"4":[1,1],"5":[1,2],"6":[0,2],"7":[1,1]},"inputSourceMap":null,"_coverageSchema":"1a1c01bbd47fc00a2c39e90264f33305004495a9","hash":"89e23a3c655ef7778cee9a344896eda8beb7b5f8"}
,"/Users/nikhilagrawal/IdeaProjects/fse-s24-sa4/controllers/PrivateChatController.js": {"path":"/Users/nikhilagrawal/IdeaProjects/fse-s24-sa4/controllers/PrivateChatController.js","statementMap":{"0":{"start":{"line":8,"column":8},"end":{"line":8,"column":64}},"1":{"start":{"line":12,"column":8},"end":{"line":52,"column":9}},"2":{"start":{"line":13,"column":56},"end":{"line":13,"column":64}},"3":{"start":{"line":14,"column":12},"end":{"line":16,"column":13}},"4":{"start":{"line":15,"column":16},"end":{"line":15,"column":87}},"5":{"start":{"line":17,"column":27},"end":{"line":17,"column":35}},"6":{"start":{"line":18,"column":30},"end":{"line":18,"column":68}},"7":{"start":{"line":19,"column":31},"end":{"line":19,"column":44}},"8":{"start":{"line":20,"column":12},"end":{"line":27,"column":15}},"9":{"start":{"line":28,"column":12},"end":{"line":28,"column":36}},"10":{"start":{"line":30,"column":35},"end":{"line":30,"column":63}},"11":{"start":{"line":31,"column":39},"end":{"line":31,"column":95}},"12":{"start":{"line":32,"column":36},"end":{"line":32,"column":90}},"13":{"start":{"line":34,"column":23},"end":{"line":34,"column":45}},"14":{"start":{"line":37,"column":12},"end":{"line":39,"column":15}},"15":{"start":{"line":38,"column":16},"end":{"line":38,"column":80}},"16":{"start":{"line":42,"column":12},"end":{"line":44,"column":15}},"17":{"start":{"line":43,"column":16},"end":{"line":43,"column":80}},"18":{"start":{"line":46,"column":12},"end":{"line":46,"column":115}},"19":{"start":{"line":47,"column":12},"end":{"line":47,"column":81}},"20":{"start":{"line":50,"column":12},"end":{"line":50,"column":33}},"21":{"start":{"line":51,"column":12},"end":{"line":51,"column":76}},"22":{"start":{"line":56,"column":8},"end":{"line":68,"column":9}},"23":{"start":{"line":57,"column":43},"end":{"line":57,"column":53}},"24":{"start":{"line":58,"column":26},"end":{"line":58,"column":56}},"25":{"start":{"line":59,"column":26},"end":{"line":59,"column":56}},"26":{"start":{"line":60,"column":12},"end":{"line":62,"column":13}},"27":{"start":{"line":61,"column":16},"end":{"line":61,"column":81}},"28":{"start":{"line":63,"column":29},"end":{"line":63,"column":95}},"29":{"start":{"line":64,"column":12},"end":{"line":64,"column":49}},"30":{"start":{"line":66,"column":12},"end":{"line":66,"column":33}},"31":{"start":{"line":67,"column":12},"end":{"line":67,"column":76}},"32":{"start":{"line":72,"column":8},"end":{"line":83,"column":9}},"33":{"start":{"line":73,"column":31},"end":{"line":73,"column":41}},"34":{"start":{"line":74,"column":25},"end":{"line":74,"column":54}},"35":{"start":{"line":75,"column":12},"end":{"line":77,"column":13}},"36":{"start":{"line":76,"column":16},"end":{"line":76,"column":81}},"37":{"start":{"line":78,"column":29},"end":{"line":78,"column":81}},"38":{"start":{"line":79,"column":12},"end":{"line":79,"column":49}},"39":{"start":{"line":81,"column":12},"end":{"line":81,"column":33}},"40":{"start":{"line":82,"column":12},"end":{"line":82,"column":76}},"41":{"start":{"line":87,"column":8},"end":{"line":99,"column":9}},"42":{"start":{"line":88,"column":33},"end":{"line":88,"column":43}},"43":{"start":{"line":89,"column":12},"end":{"line":91,"column":13}},"44":{"start":{"line":90,"column":16},"end":{"line":90,"column":82}},"45":{"start":{"line":92,"column":27},"end":{"line":92,"column":56}},"46":{"start":{"line":93,"column":29},"end":{"line":93,"column":37}},"47":{"start":{"line":94,"column":12},"end":{"line":94,"column":60}},"48":{"start":{"line":95,"column":12},"end":{"line":95,"column":61}},"49":{"start":{"line":97,"column":12},"end":{"line":97,"column":33}},"50":{"start":{"line":98,"column":12},"end":{"line":98,"column":76}}},"fnMap":{"0":{"name":"(anonymous_0)","decl":{"start":{"line":7,"column":4},"end":{"line":7,"column":5}},"loc":{"start":{"line":7,"column":18},"end":{"line":9,"column":5}},"line":7},"1":{"name":"(anonymous_1)","decl":{"start":{"line":11,"column":4},"end":{"line":11,"column":5}},"loc":{"start":{"line":11,"column":41},"end":{"line":53,"column":5}},"line":11},"2":{"name":"(anonymous_2)","decl":{"start":{"line":37,"column":39},"end":{"line":37,"column":40}},"loc":{"start":{"line":37,"column":51},"end":{"line":39,"column":13}},"line":37},"3":{"name":"(anonymous_3)","decl":{"start":{"line":42,"column":36},"end":{"line":42,"column":37}},"loc":{"start":{"line":42,"column":48},"end":{"line":44,"column":13}},"line":42},"4":{"name":"(anonymous_4)","decl":{"start":{"line":55,"column":4},"end":{"line":55,"column":5}},"loc":{"start":{"line":55,"column":51},"end":{"line":69,"column":5}},"line":55},"5":{"name":"(anonymous_5)","decl":{"start":{"line":71,"column":4},"end":{"line":71,"column":5}},"loc":{"start":{"line":71,"column":48},"end":{"line":84,"column":5}},"line":71},"6":{"name":"(anonymous_6)","decl":{"start":{"line":86,"column":4},"end":{"line":86,"column":5}},"loc":{"start":{"line":86,"column":37},"end":{"line":100,"column":5}},"line":86}},"branchMap":{"0":{"loc":{"start":{"line":14,"column":12},"end":{"line":16,"column":13}},"type":"if","locations":[{"start":{"line":14,"column":12},"end":{"line":16,"column":13}},{"start":{},"end":{}}],"line":14},"1":{"loc":{"start":{"line":14,"column":15},"end":{"line":14,"column":52}},"type":"binary-expr","locations":[{"start":{"line":14,"column":15},"end":{"line":14,"column":33}},{"start":{"line":14,"column":37},"end":{"line":14,"column":52}}],"line":14},"2":{"loc":{"start":{"line":60,"column":12},"end":{"line":62,"column":13}},"type":"if","locations":[{"start":{"line":60,"column":12},"end":{"line":62,"column":13}},{"start":{},"end":{}}],"line":60},"3":{"loc":{"start":{"line":60,"column":15},"end":{"line":60,"column":31}},"type":"binary-expr","locations":[{"start":{"line":60,"column":15},"end":{"line":60,"column":21}},{"start":{"line":60,"column":25},"end":{"line":60,"column":31}}],"line":60},"4":{"loc":{"start":{"line":75,"column":12},"end":{"line":77,"column":13}},"type":"if","locations":[{"start":{"line":75,"column":12},"end":{"line":77,"column":13}},{"start":{},"end":{}}],"line":75},"5":{"loc":{"start":{"line":89,"column":12},"end":{"line":91,"column":13}},"type":"if","locations":[{"start":{"line":89,"column":12},"end":{"line":91,"column":13}},{"start":{},"end":{}}],"line":89}},"s":{"0":11,"1":3,"2":3,"3":3,"4":1,"5":2,"6":2,"7":1,"8":1,"9":1,"10":1,"11":1,"12":1,"13":1,"14":1,"15":2,"16":1,"17":2,"18":1,"19":1,"20":1,"21":1,"22":3,"23":3,"24":3,"25":2,"26":2,"27":1,"28":1,"29":1,"30":1,"31":1,"32":2,"33":2,"34":2,"35":2,"36":1,"37":1,"38":1,"39":0,"40":0,"41":3,"42":3,"43":3,"44":1,"45":2,"46":1,"47":1,"48":1,"49":1,"50":1},"f":{"0":11,"1":3,"2":2,"3":2,"4":3,"5":2,"6":3},"b":{"0":[1,2],"1":[3,2],"2":[1,1],"3":[2,1],"4":[1,1],"5":[1,2]},"inputSourceMap":null,"_coverageSchema":"1a1c01bbd47fc00a2c39e90264f33305004495a9","hash":"612fced03c2f627057a68b0ed3bc3e0747278e25"}
,"/Users/nikhilagrawal/IdeaProjects/fse-s24-sa4/controllers/PublicChatController.js": {"path":"/Users/nikhilagrawal/IdeaProjects/fse-s24-sa4/controllers/PublicChatController.js","statementMap":{"0":{"start":{"line":9,"column":8},"end":{"line":9,"column":63}},"1":{"start":{"line":13,"column":31},"end":{"line":13,"column":54}},"2":{"start":{"line":14,"column":8},"end":{"line":16,"column":9}},"3":{"start":{"line":15,"column":12},"end":{"line":15,"column":87}},"4":{"start":{"line":17,"column":21},"end":{"line":17,"column":59}},"5":{"start":{"line":18,"column":8},"end":{"line":21,"column":9}},"6":{"start":{"line":19,"column":12},"end":{"line":19,"column":79}},"7":{"start":{"line":20,"column":12},"end":{"line":20,"column":75}},"8":{"start":{"line":22,"column":27},"end":{"line":22,"column":40}},"9":{"start":{"line":23,"column":8},"end":{"line":27,"column":11}},"10":{"start":{"line":28,"column":8},"end":{"line":28,"column":32}},"11":{"start":{"line":29,"column":8},"end":{"line":29,"column":51}},"12":{"start":{"line":30,"column":8},"end":{"line":30,"column":75}},"13":{"start":{"line":34,"column":28},"end":{"line":34,"column":60}},"14":{"start":{"line":35,"column":8},"end":{"line":38,"column":9}},"15":{"start":{"line":36,"column":23},"end":{"line":36,"column":59}},"16":{"start":{"line":37,"column":12},"end":{"line":37,"column":62}},"17":{"start":{"line":42,"column":8},"end":{"line":42,"column":49}},"18":{"start":{"line":43,"column":25},"end":{"line":43,"column":66}},"19":{"start":{"line":44,"column":8},"end":{"line":44,"column":45}},"20":{"start":{"line":48,"column":21},"end":{"line":48,"column":61}},"21":{"start":{"line":49,"column":8},"end":{"line":50,"column":75}},"22":{"start":{"line":50,"column":12},"end":{"line":50,"column":75}},"23":{"start":{"line":51,"column":25},"end":{"line":51,"column":76}},"24":{"start":{"line":52,"column":8},"end":{"line":52,"column":45}}},"fnMap":{"0":{"name":"(anonymous_0)","decl":{"start":{"line":8,"column":4},"end":{"line":8,"column":5}},"loc":{"start":{"line":8,"column":18},"end":{"line":10,"column":5}},"line":8},"1":{"name":"(anonymous_1)","decl":{"start":{"line":12,"column":4},"end":{"line":12,"column":5}},"loc":{"start":{"line":12,"column":40},"end":{"line":31,"column":5}},"line":12},"2":{"name":"(anonymous_2)","decl":{"start":{"line":33,"column":4},"end":{"line":33,"column":5}},"loc":{"start":{"line":33,"column":33},"end":{"line":39,"column":5}},"line":33},"3":{"name":"(anonymous_3)","decl":{"start":{"line":41,"column":4},"end":{"line":41,"column":5}},"loc":{"start":{"line":41,"column":41},"end":{"line":45,"column":5}},"line":41},"4":{"name":"(anonymous_4)","decl":{"start":{"line":47,"column":4},"end":{"line":47,"column":5}},"loc":{"start":{"line":47,"column":44},"end":{"line":53,"column":5}},"line":47}},"branchMap":{"0":{"loc":{"start":{"line":14,"column":8},"end":{"line":16,"column":9}},"type":"if","locations":[{"start":{"line":14,"column":8},"end":{"line":16,"column":9}},{"start":{},"end":{}}],"line":14},"1":{"loc":{"start":{"line":18,"column":8},"end":{"line":21,"column":9}},"type":"if","locations":[{"start":{"line":18,"column":8},"end":{"line":21,"column":9}},{"start":{},"end":{}}],"line":18},"2":{"loc":{"start":{"line":35,"column":8},"end":{"line":38,"column":9}},"type":"if","locations":[{"start":{"line":35,"column":8},"end":{"line":38,"column":9}},{"start":{},"end":{}}],"line":35},"3":{"loc":{"start":{"line":49,"column":8},"end":{"line":50,"column":75}},"type":"if","locations":[{"start":{"line":49,"column":8},"end":{"line":50,"column":75}},{"start":{},"end":{}}],"line":49}},"s":{"0":7,"1":3,"2":3,"3":1,"4":2,"5":2,"6":1,"7":1,"8":1,"9":1,"10":1,"11":1,"12":1,"13":1,"14":1,"15":1,"16":1,"17":1,"18":1,"19":1,"20":2,"21":2,"22":1,"23":1,"24":1},"f":{"0":7,"1":3,"2":1,"3":1,"4":2},"b":{"0":[1,2],"1":[1,1],"2":[1,0],"3":[1,1]},"inputSourceMap":null,"_coverageSchema":"1a1c01bbd47fc00a2c39e90264f33305004495a9","hash":"dcd63200bf866942b908e53dd1f25a64cc0c973f"}
,"/Users/nikhilagrawal/IdeaProjects/fse-s24-sa4/controllers/ResourceSharingController.js": {"path":"/Users/nikhilagrawal/IdeaProjects/fse-s24-sa4/controllers/ResourceSharingController.js","statementMap":{"0":{"start":{"line":9,"column":8},"end":{"line":9,"column":59}},"1":{"start":{"line":10,"column":8},"end":{"line":10,"column":53}},"2":{"start":{"line":11,"column":8},"end":{"line":11,"column":69}},"3":{"start":{"line":12,"column":8},"end":{"line":12,"column":53}},"4":{"start":{"line":16,"column":19},"end":{"line":16,"column":55}},"5":{"start":{"line":17,"column":8},"end":{"line":17,"column":85}},"6":{"start":{"line":21,"column":22},"end":{"line":21,"column":61}},"7":{"start":{"line":22,"column":26},"end":{"line":22,"column":73}},"8":{"start":{"line":22,"column":46},"end":{"line":22,"column":62}},"9":{"start":{"line":23,"column":8},"end":{"line":23,"column":46}},"10":{"start":{"line":27,"column":23},"end":{"line":27,"column":40}},"11":{"start":{"line":28,"column":21},"end":{"line":28,"column":66}},"12":{"start":{"line":29,"column":8},"end":{"line":31,"column":9}},"13":{"start":{"line":30,"column":12},"end":{"line":30,"column":75}},"14":{"start":{"line":32,"column":8},"end":{"line":32,"column":53}},"15":{"start":{"line":36,"column":25},"end":{"line":36,"column":42}},"16":{"start":{"line":37,"column":8},"end":{"line":37,"column":35}},"17":{"start":{"line":38,"column":8},"end":{"line":38,"column":77}},"18":{"start":{"line":38,"column":72},"end":{"line":38,"column":75}},"19":{"start":{"line":40,"column":21},"end":{"line":40,"column":46}},"20":{"start":{"line":41,"column":8},"end":{"line":41,"column":36}},"21":{"start":{"line":42,"column":8},"end":{"line":42,"column":26}},"22":{"start":{"line":44,"column":8},"end":{"line":44,"column":30}},"23":{"start":{"line":45,"column":8},"end":{"line":45,"column":79}},"24":{"start":{"line":49,"column":23},"end":{"line":49,"column":40}},"25":{"start":{"line":50,"column":25},"end":{"line":50,"column":42}},"26":{"start":{"line":51,"column":8},"end":{"line":51,"column":35}},"27":{"start":{"line":52,"column":8},"end":{"line":52,"column":77}},"28":{"start":{"line":52,"column":72},"end":{"line":52,"column":75}},"29":{"start":{"line":54,"column":21},"end":{"line":54,"column":66}},"30":{"start":{"line":55,"column":8},"end":{"line":57,"column":9}},"31":{"start":{"line":56,"column":12},"end":{"line":56,"column":91}},"32":{"start":{"line":58,"column":8},"end":{"line":60,"column":9}},"33":{"start":{"line":59,"column":12},"end":{"line":59,"column":126}},"34":{"start":{"line":61,"column":8},"end":{"line":61,"column":32}},"35":{"start":{"line":63,"column":8},"end":{"line":63,"column":36}},"36":{"start":{"line":64,"column":8},"end":{"line":64,"column":28}},"37":{"start":{"line":66,"column":8},"end":{"line":66,"column":30}},"38":{"start":{"line":67,"column":8},"end":{"line":67,"column":75}},"39":{"start":{"line":71,"column":23},"end":{"line":71,"column":40}},"40":{"start":{"line":72,"column":21},"end":{"line":72,"column":66}},"41":{"start":{"line":73,"column":8},"end":{"line":75,"column":9}},"42":{"start":{"line":74,"column":12},"end":{"line":74,"column":75}},"43":{"start":{"line":76,"column":8},"end":{"line":78,"column":9}},"44":{"start":{"line":77,"column":12},"end":{"line":77,"column":116}},"45":{"start":{"line":79,"column":8},"end":{"line":79,"column":47}},"46":{"start":{"line":83,"column":25},"end":{"line":83,"column":42}},"47":{"start":{"line":85,"column":8},"end":{"line":88,"column":82}},"48":{"start":{"line":86,"column":12},"end":{"line":86,"column":139}},"49":{"start":{"line":88,"column":12},"end":{"line":88,"column":82}},"50":{"start":{"line":90,"column":8},"end":{"line":90,"column":30}},"51":{"start":{"line":91,"column":8},"end":{"line":91,"column":53}},"52":{"start":{"line":95,"column":23},"end":{"line":95,"column":40}},"53":{"start":{"line":96,"column":21},"end":{"line":96,"column":66}},"54":{"start":{"line":97,"column":8},"end":{"line":99,"column":9}},"55":{"start":{"line":98,"column":12},"end":{"line":98,"column":75}},"56":{"start":{"line":100,"column":8},"end":{"line":102,"column":9}},"57":{"start":{"line":101,"column":12},"end":{"line":101,"column":126}},"58":{"start":{"line":103,"column":8},"end":{"line":103,"column":28}},"59":{"start":{"line":104,"column":8},"end":{"line":104,"column":30}},"60":{"start":{"line":105,"column":8},"end":{"line":105,"column":53}}},"fnMap":{"0":{"name":"(anonymous_0)","decl":{"start":{"line":7,"column":4},"end":{"line":7,"column":5}},"loc":{"start":{"line":7,"column":18},"end":{"line":13,"column":5}},"line":7},"1":{"name":"(anonymous_1)","decl":{"start":{"line":20,"column":4},"end":{"line":20,"column":5}},"loc":{"start":{"line":20,"column":32},"end":{"line":24,"column":5}},"line":20},"2":{"name":"(anonymous_2)","decl":{"start":{"line":22,"column":36},"end":{"line":22,"column":37}},"loc":{"start":{"line":22,"column":46},"end":{"line":22,"column":62}},"line":22},"3":{"name":"(anonymous_3)","decl":{"start":{"line":26,"column":4},"end":{"line":26,"column":5}},"loc":{"start":{"line":26,"column":32},"end":{"line":33,"column":5}},"line":26},"4":{"name":"(anonymous_4)","decl":{"start":{"line":35,"column":4},"end":{"line":35,"column":5}},"loc":{"start":{"line":35,"column":34},"end":{"line":46,"column":5}},"line":35},"5":{"name":"(anonymous_5)","decl":{"start":{"line":38,"column":65},"end":{"line":38,"column":66}},"loc":{"start":{"line":38,"column":72},"end":{"line":38,"column":75}},"line":38},"6":{"name":"(anonymous_6)","decl":{"start":{"line":48,"column":4},"end":{"line":48,"column":5}},"loc":{"start":{"line":48,"column":31},"end":{"line":68,"column":5}},"line":48},"7":{"name":"(anonymous_7)","decl":{"start":{"line":52,"column":65},"end":{"line":52,"column":66}},"loc":{"start":{"line":52,"column":72},"end":{"line":52,"column":75}},"line":52},"8":{"name":"(anonymous_8)","decl":{"start":{"line":70,"column":4},"end":{"line":70,"column":5}},"loc":{"start":{"line":70,"column":39},"end":{"line":92,"column":5}},"line":70},"9":{"name":"(anonymous_9)","decl":{"start":{"line":94,"column":4},"end":{"line":94,"column":5}},"loc":{"start":{"line":94,"column":31},"end":{"line":106,"column":5}},"line":94}},"branchMap":{"0":{"loc":{"start":{"line":29,"column":8},"end":{"line":31,"column":9}},"type":"if","locations":[{"start":{"line":29,"column":8},"end":{"line":31,"column":9}},{"start":{},"end":{}}],"line":29},"1":{"loc":{"start":{"line":55,"column":8},"end":{"line":57,"column":9}},"type":"if","locations":[{"start":{"line":55,"column":8},"end":{"line":57,"column":9}},{"start":{},"end":{}}],"line":55},"2":{"loc":{"start":{"line":58,"column":8},"end":{"line":60,"column":9}},"type":"if","locations":[{"start":{"line":58,"column":8},"end":{"line":60,"column":9}},{"start":{},"end":{}}],"line":58},"3":{"loc":{"start":{"line":73,"column":8},"end":{"line":75,"column":9}},"type":"if","locations":[{"start":{"line":73,"column":8},"end":{"line":75,"column":9}},{"start":{},"end":{}}],"line":73},"4":{"loc":{"start":{"line":76,"column":8},"end":{"line":78,"column":9}},"type":"if","locations":[{"start":{"line":76,"column":8},"end":{"line":78,"column":9}},{"start":{},"end":{}}],"line":76},"5":{"loc":{"start":{"line":85,"column":8},"end":{"line":88,"column":82}},"type":"if","locations":[{"start":{"line":85,"column":8},"end":{"line":88,"column":82}},{"start":{"line":88,"column":12},"end":{"line":88,"column":82}}],"line":85},"6":{"loc":{"start":{"line":97,"column":8},"end":{"line":99,"column":9}},"type":"if","locations":[{"start":{"line":97,"column":8},"end":{"line":99,"column":9}},{"start":{},"end":{}}],"line":97},"7":{"loc":{"start":{"line":100,"column":8},"end":{"line":102,"column":9}},"type":"if","locations":[{"start":{"line":100,"column":8},"end":{"line":102,"column":9}},{"start":{},"end":{}}],"line":100}},"s":{"0":13,"1":13,"2":13,"3":13,"4":4,"5":4,"6":1,"7":1,"8":2,"9":1,"10":2,"11":2,"12":2,"13":1,"14":1,"15":1,"16":1,"17":1,"18":3,"19":1,"20":1,"21":1,"22":1,"23":1,"24":3,"25":3,"26":3,"27":3,"28":9,"29":3,"30":3,"31":1,"32":2,"33":1,"34":1,"35":1,"36":1,"37":1,"38":1,"39":3,"40":3,"41":3,"42":1,"43":2,"44":1,"45":1,"46":1,"47":1,"48":0,"49":1,"50":1,"51":1,"52":3,"53":3,"54":3,"55":1,"56":2,"57":1,"58":1,"59":1,"60":1},"f":{"0":13,"1":1,"2":2,"3":2,"4":1,"5":3,"6":3,"7":9,"8":3,"9":3},"b":{"0":[1,1],"1":[1,2],"2":[1,1],"3":[1,2],"4":[1,1],"5":[0,1],"6":[1,2],"7":[1,1]},"inputSourceMap":null,"_coverageSchema":"1a1c01bbd47fc00a2c39e90264f33305004495a9","hash":"9d68a4a0a7fb7b54c69de3886be6b87ebb970164"}
,"/Users/nikhilagrawal/IdeaProjects/fse-s24-sa4/controllers/ShareStatusController.js": {"path":"/Users/nikhilagrawal/IdeaProjects/fse-s24-sa4/controllers/ShareStatusController.js","statementMap":{"0":{"start":{"line":10,"column":25},"end":{"line":10,"column":66}},"1":{"start":{"line":11,"column":8},"end":{"line":11,"column":60}},"2":{"start":{"line":13,"column":8},"end":{"line":32,"column":9}},"3":{"start":{"line":14,"column":41},"end":{"line":14,"column":51}},"4":{"start":{"line":15,"column":31},"end":{"line":15,"column":49}},"5":{"start":{"line":16,"column":25},"end":{"line":16,"column":54}},"6":{"start":{"line":17,"column":12},"end":{"line":22,"column":13}},"7":{"start":{"line":18,"column":16},"end":{"line":18,"column":74}},"8":{"start":{"line":19,"column":16},"end":{"line":19,"column":58}},"9":{"start":{"line":20,"column":16},"end":{"line":20,"column":42}},"10":{"start":{"line":21,"column":16},"end":{"line":21,"column":64}},"11":{"start":{"line":23,"column":12},"end":{"line":23,"column":70}},"12":{"start":{"line":24,"column":12},"end":{"line":24,"column":42}},"13":{"start":{"line":25,"column":12},"end":{"line":25,"column":39}},"14":{"start":{"line":26,"column":12},"end":{"line":28,"column":36}},"15":{"start":{"line":30,"column":12},"end":{"line":30,"column":33}},"16":{"start":{"line":31,"column":12},"end":{"line":31,"column":76}},"17":{"start":{"line":36,"column":25},"end":{"line":36,"column":66}},"18":{"start":{"line":37,"column":8},"end":{"line":37,"column":60}},"19":{"start":{"line":39,"column":8},"end":{"line":60,"column":9}},"20":{"start":{"line":40,"column":41},"end":{"line":40,"column":51}},"21":{"start":{"line":41,"column":31},"end":{"line":41,"column":49}},"22":{"start":{"line":42,"column":25},"end":{"line":42,"column":54}},"23":{"start":{"line":43,"column":12},"end":{"line":48,"column":13}},"24":{"start":{"line":44,"column":16},"end":{"line":44,"column":74}},"25":{"start":{"line":45,"column":16},"end":{"line":45,"column":58}},"26":{"start":{"line":46,"column":16},"end":{"line":46,"column":42}},"27":{"start":{"line":47,"column":16},"end":{"line":47,"column":64}},"28":{"start":{"line":49,"column":12},"end":{"line":49,"column":45}},"29":{"start":{"line":50,"column":23},"end":{"line":50,"column":59}},"30":{"start":{"line":51,"column":12},"end":{"line":51,"column":42}},"31":{"start":{"line":52,"column":12},"end":{"line":52,"column":68}},"32":{"start":{"line":53,"column":12},"end":{"line":53,"column":42}},"33":{"start":{"line":54,"column":12},"end":{"line":56,"column":36}},"34":{"start":{"line":58,"column":12},"end":{"line":58,"column":33}},"35":{"start":{"line":59,"column":12},"end":{"line":59,"column":76}}},"fnMap":{"0":{"name":"(anonymous_0)","decl":{"start":{"line":7,"column":4},"end":{"line":7,"column":5}},"loc":{"start":{"line":7,"column":18},"end":{"line":7,"column":21}},"line":7},"1":{"name":"(anonymous_1)","decl":{"start":{"line":9,"column":4},"end":{"line":9,"column":5}},"loc":{"start":{"line":9,"column":35},"end":{"line":33,"column":5}},"line":9},"2":{"name":"(anonymous_2)","decl":{"start":{"line":35,"column":4},"end":{"line":35,"column":5}},"loc":{"start":{"line":35,"column":33},"end":{"line":61,"column":5}},"line":35}},"branchMap":{"0":{"loc":{"start":{"line":17,"column":12},"end":{"line":22,"column":13}},"type":"if","locations":[{"start":{"line":17,"column":12},"end":{"line":22,"column":13}},{"start":{},"end":{}}],"line":17},"1":{"loc":{"start":{"line":43,"column":12},"end":{"line":48,"column":13}},"type":"if","locations":[{"start":{"line":43,"column":12},"end":{"line":48,"column":13}},{"start":{},"end":{}}],"line":43}},"s":{"0":3,"1":3,"2":3,"3":3,"4":3,"5":3,"6":2,"7":1,"8":1,"9":1,"10":1,"11":1,"12":1,"13":1,"14":1,"15":1,"16":1,"17":2,"18":2,"19":2,"20":2,"21":2,"22":2,"23":2,"24":1,"25":1,"26":1,"27":1,"28":1,"29":1,"30":1,"31":1,"32":1,"33":1,"34":0,"35":0},"f":{"0":5,"1":3,"2":2},"b":{"0":[1,1],"1":[1,1]},"inputSourceMap":null,"_coverageSchema":"1a1c01bbd47fc00a2c39e90264f33305004495a9","hash":"d4a3e5c97c7a990413cf75a4b771399ef24528c0"}
,"/Users/nikhilagrawal/IdeaProjects/fse-s24-sa4/controllers/ShelterPostController.js": {"path":"/Users/nikhilagrawal/IdeaProjects/fse-s24-sa4/controllers/ShelterPostController.js","statementMap":{"0":{"start":{"line":14,"column":22},"end":{"line":14,"column":51}},"1":{"start":{"line":15,"column":8},"end":{"line":15,"column":42}},"2":{"start":{"line":19,"column":27},"end":{"line":19,"column":45}},"3":{"start":{"line":22,"column":8},"end":{"line":24,"column":9}},"4":{"start":{"line":23,"column":12},"end":{"line":23,"column":61}},"5":{"start":{"line":27,"column":8},"end":{"line":54,"column":9}},"6":{"start":{"line":28,"column":25},"end":{"line":28,"column":63}},"7":{"start":{"line":29,"column":12},"end":{"line":34,"column":13}},"8":{"start":{"line":30,"column":16},"end":{"line":30,"column":83}},"9":{"start":{"line":31,"column":16},"end":{"line":31,"column":58}},"10":{"start":{"line":32,"column":16},"end":{"line":32,"column":42}},"11":{"start":{"line":33,"column":16},"end":{"line":33,"column":64}},"12":{"start":{"line":36,"column":27},"end":{"line":36,"column":94}},"13":{"start":{"line":38,"column":35},"end":{"line":38,"column":45}},"14":{"start":{"line":39,"column":12},"end":{"line":43,"column":15}},"15":{"start":{"line":44,"column":12},"end":{"line":44,"column":40}},"16":{"start":{"line":46,"column":23},"end":{"line":46,"column":59}},"17":{"start":{"line":47,"column":12},"end":{"line":47,"column":64}},"18":{"start":{"line":48,"column":12},"end":{"line":48,"column":84}},"19":{"start":{"line":49,"column":12},"end":{"line":49,"column":38}},"20":{"start":{"line":50,"column":12},"end":{"line":50,"column":53}},"21":{"start":{"line":52,"column":12},"end":{"line":52,"column":50}},"22":{"start":{"line":53,"column":12},"end":{"line":53,"column":91}},"23":{"start":{"line":58,"column":8},"end":{"line":58,"column":67}},"24":{"start":{"line":59,"column":8},"end":{"line":62,"column":10}},"25":{"start":{"line":63,"column":8},"end":{"line":63,"column":36}},"26":{"start":{"line":67,"column":27},"end":{"line":67,"column":45}},"27":{"start":{"line":68,"column":8},"end":{"line":68,"column":43}},"28":{"start":{"line":69,"column":8},"end":{"line":96,"column":9}},"29":{"start":{"line":70,"column":23},"end":{"line":70,"column":65}},"30":{"start":{"line":71,"column":12},"end":{"line":73,"column":13}},"31":{"start":{"line":72,"column":16},"end":{"line":72,"column":68}},"32":{"start":{"line":74,"column":12},"end":{"line":76,"column":13}},"33":{"start":{"line":75,"column":16},"end":{"line":75,"column":69}},"34":{"start":{"line":77,"column":12},"end":{"line":82,"column":13}},"35":{"start":{"line":78,"column":29},"end":{"line":78,"column":96}},"36":{"start":{"line":79,"column":16},"end":{"line":79,"column":48}},"37":{"start":{"line":80,"column":16},"end":{"line":80,"column":51}},"38":{"start":{"line":81,"column":16},"end":{"line":81,"column":42}},"39":{"start":{"line":83,"column":12},"end":{"line":87,"column":13}},"40":{"start":{"line":84,"column":16},"end":{"line":84,"column":44}},"41":{"start":{"line":85,"column":16},"end":{"line":85,"column":52}},"42":{"start":{"line":86,"column":16},"end":{"line":86,"column":43}},"43":{"start":{"line":88,"column":12},"end":{"line":88,"column":39}},"44":{"start":{"line":89,"column":23},"end":{"line":89,"column":59}},"45":{"start":{"line":90,"column":12},"end":{"line":90,"column":61}},"46":{"start":{"line":91,"column":12},"end":{"line":91,"column":59}},"47":{"start":{"line":92,"column":12},"end":{"line":92,"column":53}},"48":{"start":{"line":94,"column":12},"end":{"line":94,"column":50}},"49":{"start":{"line":95,"column":12},"end":{"line":95,"column":89}},"50":{"start":{"line":100,"column":27},"end":{"line":100,"column":45}},"51":{"start":{"line":101,"column":8},"end":{"line":101,"column":55}},"52":{"start":{"line":102,"column":8},"end":{"line":102,"column":43}},"53":{"start":{"line":103,"column":8},"end":{"line":103,"column":32}},"54":{"start":{"line":104,"column":8},"end":{"line":121,"column":9}},"55":{"start":{"line":105,"column":23},"end":{"line":105,"column":65}},"56":{"start":{"line":106,"column":12},"end":{"line":108,"column":13}},"57":{"start":{"line":107,"column":16},"end":{"line":107,"column":68}},"58":{"start":{"line":109,"column":12},"end":{"line":111,"column":13}},"59":{"start":{"line":110,"column":16},"end":{"line":110,"column":69}},"60":{"start":{"line":112,"column":12},"end":{"line":112,"column":71}},"61":{"start":{"line":113,"column":12},"end":{"line":113,"column":32}},"62":{"start":{"line":114,"column":23},"end":{"line":114,"column":59}},"63":{"start":{"line":115,"column":12},"end":{"line":115,"column":74}},"64":{"start":{"line":116,"column":12},"end":{"line":116,"column":73}},"65":{"start":{"line":117,"column":12},"end":{"line":117,"column":53}},"66":{"start":{"line":119,"column":12},"end":{"line":119,"column":50}},"67":{"start":{"line":120,"column":12},"end":{"line":120,"column":89}},"68":{"start":{"line":125,"column":8},"end":{"line":125,"column":44}},"69":{"start":{"line":126,"column":27},"end":{"line":126,"column":45}},"70":{"start":{"line":127,"column":8},"end":{"line":159,"column":9}},"71":{"start":{"line":128,"column":35},"end":{"line":128,"column":58}},"72":{"start":{"line":129,"column":27},"end":{"line":129,"column":44}},"73":{"start":{"line":130,"column":12},"end":{"line":132,"column":13}},"74":{"start":{"line":131,"column":16},"end":{"line":131,"column":68}},"75":{"start":{"line":133,"column":23},"end":{"line":133,"column":54}},"76":{"start":{"line":134,"column":12},"end":{"line":136,"column":13}},"77":{"start":{"line":135,"column":16},"end":{"line":135,"column":68}},"78":{"start":{"line":137,"column":23},"end":{"line":137,"column":61}},"79":{"start":{"line":138,"column":12},"end":{"line":140,"column":13}},"80":{"start":{"line":139,"column":16},"end":{"line":139,"column":68}},"81":{"start":{"line":141,"column":12},"end":{"line":141,"column":51}},"82":{"start":{"line":142,"column":29},"end":{"line":142,"column":46}},"83":{"start":{"line":143,"column":12},"end":{"line":148,"column":15}},"84":{"start":{"line":149,"column":12},"end":{"line":149,"column":36}},"85":{"start":{"line":150,"column":12},"end":{"line":150,"column":64}},"86":{"start":{"line":151,"column":23},"end":{"line":151,"column":59}},"87":{"start":{"line":152,"column":12},"end":{"line":152,"column":68}},"88":{"start":{"line":153,"column":12},"end":{"line":153,"column":60}},"89":{"start":{"line":154,"column":12},"end":{"line":154,"column":53}},"90":{"start":{"line":157,"column":12},"end":{"line":157,"column":50}},"91":{"start":{"line":158,"column":12},"end":{"line":158,"column":91}},"92":{"start":{"line":163,"column":8},"end":{"line":163,"column":46}},"93":{"start":{"line":164,"column":8},"end":{"line":177,"column":9}},"94":{"start":{"line":165,"column":25},"end":{"line":165,"column":42}},"95":{"start":{"line":166,"column":12},"end":{"line":166,"column":44}},"96":{"start":{"line":167,"column":23},"end":{"line":167,"column":54}},"97":{"start":{"line":168,"column":12},"end":{"line":170,"column":13}},"98":{"start":{"line":169,"column":16},"end":{"line":169,"column":68}},"99":{"start":{"line":171,"column":31},"end":{"line":171,"column":80}},"100":{"start":{"line":172,"column":12},"end":{"line":172,"column":56}},"101":{"start":{"line":173,"column":12},"end":{"line":173,"column":53}},"102":{"start":{"line":175,"column":12},"end":{"line":175,"column":50}},"103":{"start":{"line":176,"column":12},"end":{"line":176,"column":92}},"104":{"start":{"line":182,"column":8},"end":{"line":188,"column":11}},"105":{"start":{"line":183,"column":33},"end":{"line":186,"column":14}},"106":{"start":{"line":184,"column":16},"end":{"line":185,"column":37}},"107":{"start":{"line":184,"column":27},"end":{"line":184,"column":41}},"108":{"start":{"line":185,"column":21},"end":{"line":185,"column":37}},"109":{"start":{"line":187,"column":12},"end":{"line":187,"column":41}}},"fnMap":{"0":{"name":"(anonymous_0)","decl":{"start":{"line":11,"column":4},"end":{"line":11,"column":5}},"loc":{"start":{"line":11,"column":18},"end":{"line":11,"column":21}},"line":11},"1":{"name":"(anonymous_1)","decl":{"start":{"line":13,"column":4},"end":{"line":13,"column":5}},"loc":{"start":{"line":13,"column":41},"end":{"line":16,"column":5}},"line":13},"2":{"name":"(anonymous_2)","decl":{"start":{"line":18,"column":4},"end":{"line":18,"column":5}},"loc":{"start":{"line":18,"column":38},"end":{"line":55,"column":5}},"line":18},"3":{"name":"(anonymous_3)","decl":{"start":{"line":57,"column":4},"end":{"line":57,"column":5}},"loc":{"start":{"line":57,"column":61},"end":{"line":64,"column":5}},"line":57},"4":{"name":"(anonymous_4)","decl":{"start":{"line":66,"column":4},"end":{"line":66,"column":5}},"loc":{"start":{"line":66,"column":38},"end":{"line":97,"column":5}},"line":66},"5":{"name":"(anonymous_5)","decl":{"start":{"line":99,"column":4},"end":{"line":99,"column":5}},"loc":{"start":{"line":99,"column":38},"end":{"line":122,"column":5}},"line":99},"6":{"name":"(anonymous_6)","decl":{"start":{"line":124,"column":4},"end":{"line":124,"column":5}},"loc":{"start":{"line":124,"column":38},"end":{"line":160,"column":5}},"line":124},"7":{"name":"(anonymous_7)","decl":{"start":{"line":162,"column":4},"end":{"line":162,"column":5}},"loc":{"start":{"line":162,"column":40},"end":{"line":178,"column":5}},"line":1
[...]
SearchUtil.js","statementMap":{"0":{"start":{"line":6,"column":23},"end":{"line":15,"column":6}},"1":{"start":{"line":18,"column":8},"end":{"line":19,"column":22}},"2":{"start":{"line":19,"column":12},"end":{"line":19,"column":22}},"3":{"start":{"line":20,"column":8},"end":{"line":22,"column":23}},"4":{"start":{"line":21,"column":28},"end":{"line":21,"column":75}},"5":{"start":{"line":27,"column":8},"end":{"line":28,"column":22}},"6":{"start":{"line":28,"column":12},"end":{"line":28,"column":22}},"7":{"start":{"line":29,"column":8},"end":{"line":30,"column":21}},"8":{"start":{"line":30,"column":12},"end":{"line":30,"column":21}},"9":{"start":{"line":33,"column":8},"end":{"line":33,"column":52}},"10":{"start":{"line":43,"column":29},"end":{"line":43,"column":62}},"11":{"start":{"line":44,"column":33},"end":{"line":44,"column":54}},"12":{"start":{"line":45,"column":8},"end":{"line":49,"column":10}},"13":{"start":{"line":53,"column":29},"end":{"line":53,"column":62}},"14":{"start":{"line":54,"column":33},"end":{"line":54,"column":54}},"15":{"start":{"line":55,"column":8},"end":{"line":61,"column":10}},"16":{"start":{"line":73,"column":8},"end":{"line":73,"column":43}},"17":{"start":{"line":75,"column":20},"end":{"line":75,"column":44}},"18":{"start":{"line":76,"column":8},"end":{"line":85,"column":9}},"19":{"start":{"line":78,"column":12},"end":{"line":78,"column":104}},"20":{"start":{"line":78,"column":43},"end":{"line":78,"column":102}},"21":{"start":{"line":79,"column":15},"end":{"line":85,"column":9}},"22":{"start":{"line":81,"column":12},"end":{"line":81,"column":85}},"23":{"start":{"line":81,"column":43},"end":{"line":81,"column":83}},"24":{"start":{"line":84,"column":12},"end":{"line":84,"column":23}},"25":{"start":{"line":86,"column":8},"end":{"line":86,"column":43}},"26":{"start":{"line":92,"column":8},"end":{"line":92,"column":16}},"27":{"start":{"line":93,"column":8},"end":{"line":93,"column":27}},"28":{"start":{"line":97,"column":8},"end":{"line":97,"column":23}},"29":{"start":{"line":98,"column":8},"end":{"line":98,"column":50}},"30":{"start":{"line":99,"column":8},"end":{"line":112,"column":11}},"31":{"start":{"line":100,"column":12},"end":{"line":111,"column":14}},"32":{"start":{"line":118,"column":8},"end":{"line":118,"column":43}},"33":{"start":{"line":120,"column":8},"end":{"line":120,"column":88}},"34":{"start":{"line":121,"column":8},"end":{"line":123,"column":9}},"35":{"start":{"line":122,"column":12},"end":{"line":122,"column":52}},"36":{"start":{"line":124,"column":28},"end":{"line":124,"column":68}},"37":{"start":{"line":125,"column":8},"end":{"line":128,"column":11}},"38":{"start":{"line":126,"column":35},"end":{"line":126,"column":88}},"39":{"start":{"line":127,"column":12},"end":{"line":127,"column":61}},"40":{"start":{"line":129,"column":8},"end":{"line":129,"column":32}},"41":{"start":{"line":130,"column":8},"end":{"line":130,"column":59}},"42":{"start":{"line":136,"column":8},"end":{"line":136,"column":16}},"43":{"start":{"line":137,"column":8},"end":{"line":137,"column":43}},"44":{"start":{"line":141,"column":8},"end":{"line":141,"column":23}},"45":{"start":{"line":142,"column":8},"end":{"line":149,"column":11}},"46":{"start":{"line":143,"column":12},"end":{"line":148,"column":13}},"47":{"start":{"line":155,"column":8},"end":{"line":155,"column":43}},"48":{"start":{"line":157,"column":8},"end":{"line":157,"column":88}},"49":{"start":{"line":158,"column":8},"end":{"line":160,"column":9}},"50":{"start":{"line":159,"column":12},"end":{"line":159,"column":47}},"51":{"start":{"line":161,"column":23},"end":{"line":161,"column":59}},"52":{"start":{"line":162,"column":8},"end":{"line":165,"column":11}},"53":{"start":{"line":163,"column":35},"end":{"line":163,"column":88}},"54":{"start":{"line":164,"column":12},"end":{"line":164,"column":61}},"55":{"start":{"line":166,"column":8},"end":{"line":166,"column":27}},"56":{"start":{"line":167,"column":8},"end":{"line":167,"column":49}},"57":{"start":{"line":173,"column":8},"end":{"line":173,"column":43}},"58":{"start":{"line":175,"column":22},"end":{"line":175,"column":57}},"59":{"start":{"line":176,"column":22},"end":{"line":176,"column":57}},"60":{"start":{"line":177,"column":8},"end":{"line":178,"column":47}},"61":{"start":{"line":178,"column":12},"end":{"line":178,"column":47}},"62":{"start":{"line":179,"column":8},"end":{"line":179,"column":88}},"63":{"start":{"line":180,"column":8},"end":{"line":181,"column":47}},"64":{"start":{"line":181,"column":12},"end":{"line":181,"column":47}},"65":{"start":{"line":183,"column":23},"end":{"line":183,"column":84}},"66":{"start":{"line":186,"column":8},"end":{"line":201,"column":9}},"67":{"start":{"line":187,"column":37},"end":{"line":187,"column":39}},"68":{"start":{"line":188,"column":26},"end":{"line":188,"column":30}},"69":{"start":{"line":189,"column":12},"end":{"line":198,"column":13}},"70":{"start":{"line":190,"column":16},"end":{"line":191,"column":47}},"71":{"start":{"line":191,"column":20},"end":{"line":191,"column":47}},"72":{"start":{"line":193,"column":16},"end":{"line":197,"column":17}},"73":{"start":{"line":194,"column":20},"end":{"line":195,"column":51}},"74":{"start":{"line":195,"column":24},"end":{"line":195,"column":51}},"75":{"start":{"line":196,"column":20},"end":{"line":196,"column":34}},"76":{"start":{"line":199,"column":12},"end":{"line":199,"column":39}},"77":{"start":{"line":200,"column":12},"end":{"line":200,"column":61}},"78":{"start":{"line":203,"column":8},"end":{"line":206,"column":11}},"79":{"start":{"line":204,"column":35},"end":{"line":204,"column":88}},"80":{"start":{"line":205,"column":12},"end":{"line":205,"column":61}},"81":{"start":{"line":207,"column":8},"end":{"line":207,"column":27}},"82":{"start":{"line":208,"column":8},"end":{"line":208,"column":49}},"83":{"start":{"line":214,"column":8},"end":{"line":214,"column":16}},"84":{"start":{"line":215,"column":8},"end":{"line":215,"column":33}},"85":{"start":{"line":219,"column":8},"end":{"line":219,"column":23}},"86":{"start":{"line":220,"column":8},"end":{"line":232,"column":11}},"87":{"start":{"line":221,"column":12},"end":{"line":231,"column":13}}},"fnMap":{"0":{"name":"(anonymous_0)","decl":{"start":{"line":17,"column":4},"end":{"line":17,"column":5}},"loc":{"start":{"line":17,"column":40},"end":{"line":23,"column":5}},"line":17},"1":{"name":"(anonymous_1)","decl":{"start":{"line":21,"column":20},"end":{"line":21,"column":21}},"loc":{"start":{"line":21,"column":28},"end":{"line":21,"column":75}},"line":21},"2":{"name":"(anonymous_2)","decl":{"start":{"line":25,"column":4},"end":{"line":25,"column":5}},"loc":{"start":{"line":25,"column":29},"end":{"line":34,"column":5}},"line":25},"3":{"name":"(anonymous_3)","decl":{"start":{"line":38,"column":4},"end":{"line":38,"column":5}},"loc":{"start":{"line":38,"column":18},"end":{"line":38,"column":21}},"line":38},"4":{"name":"(anonymous_4)","decl":{"start":{"line":40,"column":4},"end":{"line":40,"column":5}},"loc":{"start":{"line":40,"column":33},"end":{"line":40,"column":36}},"line":40},"5":{"name":"(anonymous_5)","decl":{"start":{"line":42,"column":4},"end":{"line":42,"column":5}},"loc":{"start":{"line":42,"column":37},"end":{"line":50,"column":5}},"line":42},"6":{"name":"(anonymous_6)","decl":{"start":{"line":52,"column":4},"end":{"line":52,"column":5}},"loc":{"start":{"line":52,"column":39},"end":{"line":62,"column":5}},"line":52},"7":{"name":"(anonymous_7)","decl":{"start":{"line":66,"column":4},"end":{"line":66,"column":5}},"loc":{"start":{"line":66,"column":18},"end":{"line":66,"column":21}},"line":66},"8":{"name":"(anonymous_8)","decl":{"start":{"line":68,"column":4},"end":{"line":68,"column":5}},"loc":{"start":{"line":68,"column":13},"end":{"line":68,"column":16}},"line":68},"9":{"name":"(anonymous_9)","decl":{"start":{"line":72,"column":4},"end":{"line":72,"column":5}},"loc":{"start":{"line":72,"column":33},"end":{"line":87,"column":5}},"line":72},"10":{"name":"(anonymous_10)","decl":{"start":{"line":78,"column":33},"end":{"line":78,"column":34}},"loc":{"start":{"line":78,"column":43},"end":{"line":78,"column":102}},"line":78},"11":{"name":"(anonymous_11)","decl":{"start":{"line":81,"column":33},"end":{"line":81,"column":34}},"loc":{"start":{"line":81,"column":43},"end":{"line":81,"column":83}},"line":81},"12":{"name":"(anonymous_12)","decl":{"start":{"line":91,"column":4},"end":{"line":91,"column":5}},"loc":{"start":{"line":91,"column":23},"end":{"line":94,"column":5}},"line":91},"13":{"name":"(anonymous_13)","decl":{"start":{"line":96,"column":4},"end":{"line":96,"column":5}},"loc":{"start":{"line":96,"column":13},"end":{"line":113,"column":5}},"line":96},"14":{"name":"(anonymous_14)","decl":{"start":{"line":99,"column":30},"end":{"line":99,"column":31}},"loc":{"start":{"line":99,"column":40},"end":{"line":112,"column":9}},"line":99},"15":{"name":"(anonymous_15)","decl":{"start":{"line":117,"column":4},"end":{"line":117,"column":5}},"loc":{"start":{"line":117,"column":33},"end":{"line":131,"column":5}},"line":117},"16":{"name":"(anonymous_16)","decl":{"start":{"line":125,"column":45},"end":{"line":125,"column":46}},"loc":{"start":{"line":125,"column":52},"end":{"line":128,"column":9}},"line":125},"17":{"name":"(anonymous_17)","decl":{"start":{"line":135,"column":4},"end":{"line":135,"column":5}},"loc":{"start":{"line":135,"column":31},"end":{"line":138,"column":5}},"line":135},"18":{"name":"(anonymous_18)","decl":{"start":{"line":140,"column":4},"end":{"line":140,"column":5}},"loc":{"start":{"line":140,"column":13},"end":{"line":150,"column":5}},"line":140},"19":{"name":"(anonymous_19)","decl":{"start":{"line":142,"column":38},"end":{"line":142,"column":39}},"loc":{"start":{"line":142,"column":45},"end":{"line":149,"column":9}},"line":142},"20":{"name":"(anonymous_20)","decl":{"start":{"line":154,"column":4},"end":{"line":154,"column":5}},"loc":{"start":{"line":154,"column":33},"end":{"line":168,"column":5}},"line":154},"21":{"name":"(anonymous_21)","decl":{"start":{"line":162,"column":35},"end":{"line":162,"column":36}},"loc":{"start":{"line":162,"column":42},"end":{"line":165,"column":9}},"line":162},"22":{"name":"(anonymous_22)","decl":{"start":{"line":172,"column":4},"end":{"line":172,"column":5}},"loc":{"start":{"line":172,"column":33},"end":{"line":209,"column":5}},"line":172},"23":{"name":"(anonymous_23)","decl":{"start":{"line":203,"column":35},"end":{"line":203,"column":36}},"loc":{"start":{"line":203,"column":42},"end":{"line":206,"column":9}},"line":203},"24":{"name":"(anonymous_24)","decl":{"start":{"line":213,"column":4},"end":{"line":213,"column":5}},"loc":{"start":{"line":213,"column":26},"end":{"line":216,"column":5}},"line":213},"25":{"name":"(anonymous_25)","decl":{"start":{"line":218,"column":4},"end":{"line":218,"column":5}},"loc":{"start":{"line":218,"column":13},"end":{"line":233,"column":5}},"line":218},"26":{"name":"(anonymous_26)","decl":{"start":{"line":220,"column":33},"end":{"line":220,"column":34}},"loc":{"start":{"line":220,"column":40},"end":{"line":232,"column":9}},"line":220}},"branchMap":{"0":{"loc":{"start":{"line":18,"column":8},"end":{"line":19,"column":22}},"type":"if","locations":[{"start":{"line":18,"column":8},"end":{"line":19,"column":22}},{"start":{},"end":{}}],"line":18},"1":{"loc":{"start":{"line":27,"column":8},"end":{"line":28,"column":22}},"type":"if","locations":[{"start":{"line":27,"column":8},"end":{"line":28,"column":22}},{"start":{},"end":{}}],"line":27},"2":{"loc":{"start":{"line":27,"column":12},"end":{"line":27,"column":37}},"type":"binary-expr","locations":[{"start":{"line":27,"column":12},"end":{"line":27,"column":22}},{"start":{"line":27,"column":26},"end":{"line":27,"column":37}}],"line":27},"3":{"loc":{"start":{"line":29,"column":8},"end":{"line":30,"column":21}},"type":"if","locations":[{"start":{"line":29,"column":8},"end":{"line":30,"column":21}},{"start":{},"end":{}}],"line":29},"4":{"loc":{"start":{"line":29,"column":12},"end":{"line":29,"column":37}},"type":"binary-expr","locations":[{"start":{"line":29,"column":12},"end":{"line":29,"column":23}},{"start":{"line":29,"column":27},"end":{"line":29,"column":37}}],"line":29},"5":{"loc":{"start":{"line":76,"column":8},"end":{"line":85,"column":9}},"type":"if","locations":[{"start":{"line":76,"column":8},"end":{"line":85,"column":9}},{"start":{"line":79,"column":15},"end":{"line":85,"column":9}}],"line":76},"6":{"loc":{"start":{"line":79,"column":15},"end":{"line":85,"column":9}},"type":"if","locations":[{"start":{"line":79,"column":15},"end":{"line":85,"column":9}},{"start":{"line":82,"column":15},"end":{"line":85,"column":9}}],"line":79},"7":{"loc":{"start":{"line":121,"column":8},"end":{"line":123,"column":9}},"type":"if","locations":[{"start":{"line":121,"column":8},"end":{"line":123,"column":9}},{"start":{},"end":{}}],"line":121},"8":{"loc":{"start":{"line":158,"column":8},"end":{"line":160,"column":9}},"type":"if","locations":[{"start":{"line":158,"column":8},"end":{"line":160,"column":9}},{"start":{},"end":{}}],"line":158},"9":{"loc":{"start":{"line":177,"column":8},"end":{"line":178,"column":47}},"type":"if","locations":[{"start":{"line":177,"column":8},"end":{"line":178,"column":47}},{"start":{},"end":{}}],"line":177},"10":{"loc":{"start":{"line":177,"column":12},"end":{"line":177,"column":28}},"type":"binary-expr","locations":[{"start":{"line":177,"column":12},"end":{"line":177,"column":18}},{"start":{"line":177,"column":22},"end":{"line":177,"column":28}}],"line":177},"11":{"loc":{"start":{"line":180,"column":8},"end":{"line":181,"column":47}},"type":"if","locations":[{"start":{"line":180,"column":8},"end":{"line":181,"column":47}},{"start":{},"end":{}}],"line":180},"12":{"loc":{"start":{"line":186,"column":8},"end":{"line":201,"column":9}},"type":"if","locations":[{"start":{"line":186,"column":8},"end":{"line":201,"column":9}},{"start":{},"end":{}}],"line":186},"13":{"loc":{"start":{"line":190,"column":16},"end":{"line":191,"column":47}},"type":"if","locations":[{"start":{"line":190,"column":16},"end":{"line":191,"column":47}},{"start":{},"end":{}}],"line":190},"14":{"loc":{"start":{"line":190,"column":20},"end":{"line":190,"column":102}},"type":"binary-expr","locations":[{"start":{"line":190,"column":20},"end":{"line":190,"column":27}},{"start":{"line":190,"column":31},"end":{"line":190,"column":69}},{"start":{"line":190,"column":73},"end":{"line":190,"column":102}}],"line":190},"15":{"loc":{"start":{"line":193,"column":16},"end":{"line":197,"column":17}},"type":"if","locations":[{"start":{"line":193,"column":16},"end":{"line":197,"column":17}},{"start":{},"end":{}}],"line":193},"16":{"loc":{"start":{"line":194,"column":20},"end":{"line":195,"column":51}},"type":"if","locations":[{"start":{"line":194,"column":20},"end":{"line":195,"column":51}},{"start":{},"end":{}}],"line":194},"17":{"loc":{"start":{"line":227,"column":34},"end":{"line":227,"column":75}},"type":"cond-expr","locations":[{"start":{"line":227,"column":49},"end":{"line":227,"column":68}},{"start":{"line":227,"column":71},"end":{"line":227,"column":75}}],"line":227},"18":{"loc":{"start":{"line":229,"column":32},"end":{"line":229,"column":71}},"type":"cond-expr","locations":[{"start":{"line":229,"column":47},"end":{"line":229,"column":64}},{"start":{"line":229,"column":67},"end":{"line":229,"column":71}}],"line":229}},"s":{"0":1,"1":34,"2":0,"3":34,"4":159,"5":6,"6":3,"7":3,"8":2,"9":1,"10":5,"11":5,"12":5,"13":7,"14":7,"15":7,"16":3,"17":3,"18":3,"19":1,"20":4,"21":2,"22":2,"23":8,"24":0,"25":3,"26":3,"27":3,"28":3,"29":3,"30":3,"31":7,"32":2,"33":2,"34":2,"35":1,"36":1,"37":1,"38":1,"39":1,"40":1,"41":1,"42":2,"43":2,"44":2,"45":2,"46":1,"47":3,"48":3,"49":3,"50":0,"51":3,"52":3,"53":12,"54":12,"55":3,"56":3,"57":4,"58":4,"59":4,"60":4,"61":0,"62":4,"63":4,"64":0,"65":4,"66":4,"67":1,"68":1,"69":1,"70":4,"71":1,"72":4,"73":4,"74":1,"75":4,"76":1,"77":1,"78":3,"79":12,"80":12,"81":3,"82":3,"83":7,"84":7,"85":7,"86":7,"87":22},"f":{"0":34,"1":159,"2":6,"3":12,"4":12,"5":5,"6":7,"7":12,"8":12,"9":3,"10":4,"11":8,"12":3,"13":3,"14":7,"15":2,"16":1,"17":2,"18":2,"19":1,"20":3,"21":12,"22":4,"23":12,"24":7,"25":7,"26":22},"b":{"0":[0,34],"1":[3,3],"2":[6,3],"3":[2,1],"4":[3,3],"5":[1,2],"6":[2,0],"7":[1,1],"8":[0,3],"9":[0,4],"10":[4,4],"11":[0,4],"12":[1,3],"13":[1,3],"14":[4,3,3],"15":[4,0],"16":[1,3],"17":[0,22],"18":[0,22]},"inputSourceMap":null,"_coverageSchema":"1a1c01bbd47fc00a2c39e90264f33305004495a9","hash":"2dc08ebfd61eae7084f70c009cb7b87397e1d0c4"}
,"/Users/nikhilagrawal/IdeaProjects/fse-s24-sa4/utils/TaskMatcher.js": {"path":"/Users/nikhilagrawal/IdeaProjects/fse-s24-sa4/utils/TaskMatcher.js","statementMap":{"0":{"start":{"line":8,"column":8},"end":{"line":20,"column":9}},"1":{"start":{"line":9,"column":26},"end":{"line":9,"column":99}},"2":{"start":{"line":10,"column":31},"end":{"line":10,"column":125}},"3":{"start":{"line":11,"column":12},"end":{"line":17,"column":13}},"4":{"start":{"line":12,"column":16},"end":{"line":12,"column":120}},"5":{"start":{"line":13,"column":16},"end":{"line":15,"column":17}},"6":{"start":{"line":14,"column":20},"end":{"line":14,"column":110}},"7":{"start":{"line":16,"column":16},"end":{"line":16,"column":56}},"8":{"start":{"line":19,"column":12},"end":{"line":19,"column":33}},"9":{"start":{"line":24,"column":8},"end":{"line":34,"column":9}},"10":{"start":{"line":25,"column":35},"end":{"line":25,"column":63}},"11":{"start":{"line":26,"column":38},"end":{"line":26,"column":95}},"12":{"start":{"line":27,"column":12},"end":{"line":27,"column":54}},"13":{"start":{"line":27,"column":47},"end":{"line":27,"column":54}},"14":{"start":{"line":28,"column":23},"end":{"line":28,"column":45}},"15":{"start":{"line":29,"column":12},"end":{"line":31,"column":15}},"16":{"start":{"line":30,"column":16},"end":{"line":30,"column":63}},"17":{"start":{"line":33,"column":12},"end":{"line":33,"column":33}}},"fnMap":{"0":{"name":"(anonymous_0)","decl":{"start":{"line":7,"column":4},"end":{"line":7,"column":5}},"loc":{"start":{"line":7,"column":48},"end":{"line":21,"column":5}},"line":7},"1":{"name":"(anonymous_1)","decl":{"start":{"line":23,"column":4},"end":{"line":23,"column":5}},"loc":{"start":{"line":23,"column":40},"end":{"line":35,"column":5}},"line":23},"2":{"name":"(anonymous_2)","decl":{"start":{"line":29,"column":38},"end":{"line":29,"column":39}},"loc":{"start":{"line":29,"column":50},"end":{"line":31,"column":13}},"line":29}},"branchMap":{"0":{"loc":{"start":{"line":13,"column":16},"end":{"line":15,"column":17}},"type":"if","locations":[{"start":{"line":13,"column":16},"end":{"line":15,"column":17}},{"start":{},"end":{}}],"line":13},"1":{"loc":{"start":{"line":27,"column":12},"end":{"line":27,"column":54}},"type":"if","locations":[{"start":{"line":27,"column":12},"end":{"line":27,"column":54}},{"start":{},"end":{}}],"line":27}},"s":{"0":2,"1":2,"2":2,"3":2,"4":2,"5":2,"6":1,"7":2,"8":0,"9":2,"10":2,"11":2,"12":2,"13":0,"14":2,"15":2,"16":4,"17":0},"f":{"0":2,"1":2,"2":4},"b":{"0":[1,1],"1":[0,2]},"inputSourceMap":null,"_coverageSchema":"1a1c01bbd47fc00a2c39e90264f33305004495a9","hash":"34b95b325640b3c14b79854460850272bc60aeaa"}
,"/Users/nikhilagrawal/IdeaProjects/fse-s24-sa4/utils/TokenUtil.js": {"path":"/Users/nikhilagrawal/IdeaProjects/fse-s24-sa4/utils/TokenUtil.js","statementMap":{"0":{"start":{"line":6,"column":8},"end":{"line":6,"column":81}},"1":{"start":{"line":10,"column":8},"end":{"line":10,"column":59}}},"fnMap":{"0":{"name":"(anonymous_0)","decl":{"start":{"line":5,"column":4},"end":{"line":5,"column":5}},"loc":{"start":{"line":5,"column":35},"end":{"line":7,"column":5}},"line":5},"1":{"name":"(anonymous_1)","decl":{"start":{"line":9,"column":4},"end":{"line":9,"column":5}},"loc":{"start":{"line":9,"column":30},"end":{"line":11,"column":5}},"line":9}},"branchMap":{},"s":{"0":9,"1":0},"f":{"0":9,"1":0},"b":{},"inputSourceMap":null,"_coverageSchema":"1a1c01bbd47fc00a2c39e90264f33305004495a9","hash":"37fd28dbba77c0c3b0a987b0c1ec2d2fc193102a"}
}
