TN:
SF:config/DatabaseConnector.js
FN:4,(anonymous_0)
FN:8,(anonymous_1)
FN:15,(anonymous_2)
FN:19,(anonymous_3)
FN:32,(anonymous_4)
FN:36,(anonymous_5)
FN:53,(anonymous_6)
FN:63,(anonymous_7)
FNF:8
FNH:2
FNDA:2,(anonymous_0)
FNDA:2,(anonymous_1)
FNDA:0,(anonymous_2)
FNDA:0,(anonymous_3)
FNDA:0,(anonymous_4)
FNDA:0,(anonymous_5)
FNDA:0,(anonymous_6)
FNDA:0,(anonymous_7)
DA:5,2
DA:9,2
DA:10,2
DA:12,2
DA:16,0
DA:20,0
DA:21,0
DA:22,0
DA:23,0
DA:24,0
DA:25,0
DA:27,0
DA:28,0
DA:33,0
DA:37,0
DA:38,0
DA:39,0
DA:40,0
DA:41,0
DA:42,0
DA:44,0
DA:45,0
DA:46,0
DA:48,0
DA:49,0
DA:54,0
DA:55,0
DA:56,0
DA:58,0
DA:59,0
DA:64,0
DA:65,0
DA:66,0
DA:67,0
DA:68,0
DA:69,0
DA:71,0
DA:74,0
DA:76,0
DA:77,0
LF:40
LH:4
BRDA:9,0,0,2
BRDA:9,0,1,0
BRDA:21,1,0,0
BRDA:21,1,1,0
BRDA:39,2,0,0
BRDA:39,2,1,0
BRDA:41,3,0,0
BRDA:41,3,1,0
BRF:8
BRH:1
end_of_record
TN:
SF:config/ESNSpeedTestConfig.js
FN:4,(anonymous_0)
FN:15,(anonymous_1)
FN:22,(anonymous_2)
FN:26,(anonymous_3)
FN:36,(anonymous_4)
FN:47,(anonymous_5)
FNF:6
FNH:3
FNDA:2,(anonymous_0)
FNDA:10,(anonymous_1)
FNDA:10,(anonymous_2)
FNDA:0,(anonymous_3)
FNDA:0,(anonymous_4)
FNDA:0,(anonymous_5)
DA:5,2
DA:6,0
DA:9,2
DA:10,2
DA:11,2
DA:16,10
DA:17,2
DA:19,10
DA:23,10
DA:27,0
DA:28,0
DA:29,0
DA:31,0
DA:32,0
DA:37,0
DA:38,0
DA:39,0
DA:40,0
DA:42,0
DA:43,0
DA:48,0
DA:49,0
DA:50,0
DA:52,0
DA:53,0
LF:25
LH:8
BRDA:5,0,0,0
BRDA:5,0,1,2
BRDA:16,1,0,2
BRDA:16,1,1,8
BRF:4
BRH:3
end_of_record
TN:
SF:controllers/AdminController.js
FN:7,(anonymous_0)
FN:9,(anonymous_1)
FN:26,(anonymous_2)
FN:39,(anonymous_3)
FN:60,(anonymous_4)
FN:79,(anonymous_5)
FNF:6
FNH:6
FNDA:1,(anonymous_0)
FNDA:2,(anonymous_1)
FNDA:1,(anonymous_2)
FNDA:2,(anonymous_3)
FNDA:3,(anonymous_4)
FNDA:1,(anonymous_5)
DA:11,2
DA:12,1
DA:14,1
DA:15,1
DA:16,0
DA:17,1
DA:18,0
DA:19,1
DA:20,1
DA:21,0
DA:23,1
DA:28,1
DA:29,1
DA:31,0
DA:32,0
DA:33,0
DA:34,0
DA:36,0
DA:41,2
DA:42,1
DA:43,1
DA:44,0
DA:46,1
DA:48,1
DA:49,1
DA:51,0
DA:52,0
DA:53,0
DA:56,1
DA:57,1
DA:62,3
DA:63,1
DA:64,2
DA:65,0
DA:68,2
DA:70,1
DA:71,1
DA:72,1
DA:75,1
DA:76,1
DA:80,1
DA:87,1
DA:88,1
DA:89,1
DA:90,0
DA:94,1
DA:95,1
DA:96,0
DA:98,1
DA:99,1
DA:100,0
DA:102,1
DA:103,1
DA:104,0
DA:106,1
DA:107,1
DA:108,0
DA:111,1
DA:113,1
DA:115,1
DA:116,0
DA:119,1
DA:121,1
LF:63
LH:44
BRDA:11,0,0,1
BRDA:11,0,1,1
BRDA:11,1,0,2
BRDA:11,1,1,2
BRDA:11,1,2,1
BRDA:11,1,3,1
BRDA:15,2,0,0
BRDA:15,2,1,1
BRDA:17,3,0,0
BRDA:17,3,1,1
BRDA:20,4,0,0
BRDA:20,4,1,1
BRDA:28,5,0,1
BRDA:28,5,1,0
BRDA:28,6,0,1
BRDA:28,6,1,1
BRDA:28,6,2,0
BRDA:32,7,0,0
BRDA:32,7,1,0
BRDA:41,8,0,1
BRDA:41,8,1,1
BRDA:41,9,0,2
BRDA:41,9,1,2
BRDA:41,9,2,1
BRDA:41,9,3,1
BRDA:43,10,0,0
BRDA:43,10,1,1
BRDA:49,11,0,0
BRDA:49,11,1,1
BRDA:49,12,0,1
BRDA:49,12,1,0
BRDA:49,12,2,0
BRDA:52,13,0,0
BRDA:52,13,1,0
BRDA:62,14,0,1
BRDA:62,14,1,2
BRDA:62,15,0,3
BRDA:62,15,1,3
BRDA:62,15,2,2
BRDA:62,15,3,2
BRDA:64,16,0,0
BRDA:64,16,1,2
BRDA:68,17,0,1
BRDA:68,17,1,1
BRDA:68,18,0,2
BRDA:68,18,1,2
BRDA:68,18,2,1
BRDA:71,19,0,1
BRDA:71,19,1,0
BRDA:89,20,0,0
BRDA:89,20,1,1
BRDA:95,21,0,0
BRDA:95,21,1,1
BRDA:99,22,0,0
BRDA:99,22,1,1
BRDA:103,23,0,0
BRDA:103,23,1,1
BRDA:107,24,0,0
BRDA:107,24,1,1
BRDA:115,25,0,0
BRDA:115,25,1,1
BRF:61
BRH:40
end_of_record
TN:
SF:controllers/AnnouncementController.js
FN:8,(anonymous_0)
FN:12,(anonymous_1)
FN:17,(anonymous_2)
FNF:3
FNH:3
FNDA:4,(anonymous_0)
FNDA:1,(anonymous_1)
FNDA:3,(anonymous_2)
DA:9,4
DA:13,1
DA:14,1
DA:18,3
DA:19,3
DA:20,3
DA:21,1
DA:23,2
DA:24,2
DA:25,1
DA:26,1
DA:27,1
DA:28,1
DA:31,1
DA:32,1
DA:36,1
DA:38,1
DA:39,1
DA:40,1
LF:19
LH:19
BRDA:20,0,0,1
BRDA:20,0,1,2
BRDA:24,1,0,1
BRDA:24,1,1,1
BRF:4
BRH:4
end_of_record
TN:
SF:controllers/AuthController.js
FN:9,(anonymous_0)
FN:11,(anonymous_1)
FN:50,(anonymous_2)
FN:68,(anonymous_3)
FN:103,(anonymous_4)
FN:122,(anonymous_5)
FN:123,(anonymous_6)
FN:131,(anonymous_7)
FN:132,(anonymous_8)
FN:135,(anonymous_9)
FN:156,(anonymous_10)
FN:161,(anonymous_11)
FN:171,(anonymous_12)
FNF:13
FNH:11
FNDA:10,(anonymous_0)
FNDA:1,(anonymous_1)
FNDA:1,(anonymous_2)
FNDA:3,(anonymous_3)
FNDA:1,(anonymous_4)
FNDA:3,(anonymous_5)
FNDA:3,(anonymous_6)
FNDA:3,(anonymous_7)
FNDA:6,(anonymous_8)
FNDA:0,(anonymous_9)
FNDA:3,(anonymous_10)
FNDA:0,(anonymous_11)
FNDA:1,(anonymous_12)
DA:12,1
DA:13,1
DA:14,1
DA:16,1
DA:21,1
DA:22,1
DA:23,0
DA:24,0
DA:25,0
DA:27,1
DA:28,0
DA:29,0
DA:30,0
DA:32,1
DA:33,0
DA:34,0
DA:35,0
DA:37,1
DA:38,1
DA:39,0
DA:40,0
DA:41,0
DA:44,1
DA:45,1
DA:51,1
DA:52,1
DA:54,1
DA:55,1
DA:56,1
DA:57,1
DA:58,1
DA:59,1
DA:60,1
DA:63,0
DA:69,3
DA:70,3
DA:71,3
DA:73,3
DA:74,3
DA:75,3
DA:76,1
DA:77,1
DA:78,1
DA:79,1
DA:81,2
DA:82,1
DA:83,1
DA:86,1
DA:87,0
DA:88,0
DA:89,0
DA:91,1
DA:92,0
DA:93,0
DA:94,0
DA:96,1
DA:97,1
DA:98,1
DA:104,1
DA:105,1
DA:107,1
DA:108,1
DA:109,1
DA:110,0
DA:112,1
DA:114,1
DA:116,0
DA:117,0
DA:123,3
DA:124,3
DA:125,3
DA:126,0
DA:132,3
DA:133,6
DA:134,6
DA:135,6
DA:136,0
DA:137,0
DA:139,0
DA:141,6
DA:142,6
DA:144,6
DA:157,3
DA:158,3
DA:159,3
DA:160,3
DA:161,0
DA:162,3
DA:163,3
DA:164,3
DA:166,0
DA:167,0
DA:172,1
DA:173,1
DA:174,1
DA:176,1
DA:177,1
DA:178,1
DA:180,1
DA:181,1
DA:185,0
DA:186,0
LF:102
LH:71
BRDA:22,0,0,0
BRDA:22,0,1,1
BRDA:27,1,0,0
BRDA:27,1,1,1
BRDA:32,2,0,0
BRDA:32,2,1,1
BRDA:38,3,0,0
BRDA:38,3,1,1
BRDA:56,4,0,1
BRDA:56,4,1,0
BRDA:75,5,0,1
BRDA:75,5,1,2
BRDA:81,6,0,1
BRDA:81,6,1,1
BRDA:86,7,0,0
BRDA:86,7,1,1
BRDA:91,8,0,0
BRDA:91,8,1,1
BRDA:109,9,0,0
BRDA:109,9,1,1
BRDA:124,10,0,0
BRDA:124,10,1,3
BRDA:124,11,0,3
BRDA:124,11,1,0
BRDA:125,12,0,3
BRDA:125,12,1,0
BRDA:125,13,0,3
BRDA:125,13,1,3
BRDA:136,14,0,0
BRDA:136,14,1,0
BRDA:136,15,0,0
BRDA:136,15,1,0
BRDA:136,15,2,0
BRDA:142,16,0,0
BRDA:142,16,1,6
BRDA:160,17,0,0
BRDA:160,17,1,3
BRF:37
BRH:19
end_of_record
TN:
SF:controllers/IncidentController.js
FN:6,(anonymous_0)
FN:10,(anonymous_1)
FN:25,(anonymous_2)
FN:62,(anonymous_3)
FN:79,(anonymous_4)
FN:86,(anonymous_5)
FNF:6
FNH:6
FNDA:10,(anonymous_0)
FNDA:2,(anonymous_1)
FNDA:3,(anonymous_2)
FNDA:2,(anonymous_3)
FNDA:3,(anonymous_4)
FNDA:9,(anonymous_5)
DA:7,10
DA:11,2
DA:12,2
DA:13,1
DA:14,1
DA:16,0
DA:17,0
DA:20,1
DA:21,1
DA:26,3
DA:27,3
DA:28,3
DA:29,3
DA:30,1
DA:33,2
DA:35,2
DA:36,1
DA:37,1
DA:38,1
DA:39,1
DA:42,1
DA:43,1
DA:53,1
DA:55,1
DA:57,0
DA:58,0
DA:63,2
DA:64,2
DA:65,2
DA:67,2
DA:68,2
DA:69,1
DA:72,1
DA:74,0
DA:75,0
DA:80,3
DA:81,3
DA:82,3
DA:83,3
DA:85,3
DA:86,9
DA:88,3
DA:89,1
DA:91,2
DA:98,2
DA:100,2
DA:101,0
DA:102,0
DA:103,0
DA:104,0
DA:107,2
DA:109,2
DA:110,2
DA:111,1
DA:114,1
DA:119,0
DA:120,0
LF:57
LH:45
BRDA:13,0,0,1
BRDA:13,0,1,0
BRDA:29,1,0,1
BRDA:29,1,1,2
BRDA:29,2,0,3
BRDA:29,2,1,2
BRDA:29,2,2,2
BRDA:29,2,3,2
BRDA:29,2,4,2
BRDA:35,3,0,1
BRDA:35,3,1,1
BRDA:68,4,0,1
BRDA:68,4,1,1
BRDA:88,5,0,1
BRDA:88,5,1,2
BRDA:100,6,0,0
BRDA:100,6,1,2
BRDA:110,7,0,1
BRDA:110,7,1,1
BRF:19
BRH:17
end_of_record
TN:
SF:controllers/PrivateChatController.js
FN:7,(anonymous_0)
FN:11,(anonymous_1)
FN:37,(anonymous_2)
FN:42,(anonymous_3)
FN:55,(anonymous_4)
FN:71,(anonymous_5)
FN:86,(anonymous_6)
FNF:7
FNH:7
FNDA:11,(anonymous_0)
FNDA:3,(anonymous_1)
FNDA:2,(anonymous_2)
FNDA:2,(anonymous_3)
FNDA:3,(anonymous_4)
FNDA:2,(anonymous_5)
FNDA:3,(anonymous_6)
DA:8,11
DA:12,3
DA:13,3
DA:14,3
DA:15,1
DA:17,2
DA:18,2
DA:19,1
DA:20,1
DA:28,1
DA:30,1
DA:31,1
DA:32,1
DA:34,1
DA:37,1
DA:38,2
DA:42,1
DA:43,2
DA:46,1
DA:47,1
DA:50,1
DA:51,1
DA:56,3
DA:57,3
DA:58,3
DA:59,2
DA:60,2
DA:61,1
DA:63,1
DA:64,1
DA:66,1
DA:67,1
DA:72,2
DA:73,2
DA:74,2
DA:75,2
DA:76,1
DA:78,1
DA:79,1
DA:81,0
DA:82,0
DA:87,3
DA:88,3
DA:89,3
DA:90,1
DA:92,2
DA:93,1
DA:94,1
DA:95,1
DA:97,1
DA:98,1
LF:51
LH:49
BRDA:14,0,0,1
BRDA:14,0,1,2
BRDA:14,1,0,3
BRDA:14,1,1,2
BRDA:60,2,0,1
BRDA:60,2,1,1
BRDA:60,3,0,2
BRDA:60,3,1,1
BRDA:75,4,0,1
BRDA:75,4,1,1
BRDA:89,5,0,1
BRDA:89,5,1,2
BRF:12
BRH:12
end_of_record
TN:
SF:controllers/PublicChatController.js
FN:8,(anonymous_0)
FN:12,(anonymous_1)
FN:33,(anonymous_2)
FN:41,(anonymous_3)
FN:47,(anonymous_4)
FNF:5
FNH:5
FNDA:7,(anonymous_0)
FNDA:3,(anonymous_1)
FNDA:1,(anonymous_2)
FNDA:1,(anonymous_3)
FNDA:2,(anonymous_4)
DA:9,7
DA:13,3
DA:14,3
DA:15,1
DA:17,2
DA:18,2
DA:19,1
DA:20,1
DA:22,1
DA:23,1
DA:28,1
DA:29,1
DA:30,1
DA:34,1
DA:35,1
DA:36,1
DA:37,1
DA:42,1
DA:43,1
DA:44,1
DA:48,2
DA:49,2
DA:50,1
DA:51,1
DA:52,1
LF:25
LH:25
BRDA:14,0,0,1
BRDA:14,0,1,2
BRDA:18,1,0,1
BRDA:18,1,1,1
BRDA:35,2,0,1
BRDA:35,2,1,0
BRDA:49,3,0,1
BRDA:49,3,1,1
BRF:8
BRH:7
end_of_record
TN:
SF:controllers/ResourceSharingController.js
FN:7,(anonymous_0)
FN:20,(anonymous_1)
FN:22,(anonymous_2)
FN:26,(anonymous_3)
FN:35,(anonymous_4)
FN:38,(anonymous_5)
FN:48,(anonymous_6)
FN:52,(anonymous_7)
FN:70,(anonymous_8)
FN:94,(anonymous_9)
FNF:10
FNH:10
FNDA:13,(anonymous_0)
FNDA:1,(anonymous_1)
FNDA:2,(anonymous_2)
FNDA:2,(anonymous_3)
FNDA:1,(anonymous_4)
FNDA:3,(anonymous_5)
FNDA:3,(anonymous_6)
FNDA:9,(anonymous_7)
FNDA:3,(anonymous_8)
FNDA:3,(anonymous_9)
DA:9,13
DA:10,13
DA:11,13
DA:12,13
DA:16,4
DA:17,4
DA:21,1
DA:22,2
DA:23,1
DA:27,2
DA:28,2
DA:29,2
DA:30,1
DA:32,1
DA:36,1
DA:37,1
DA:38,3
DA:40,1
DA:41,1
DA:42,1
DA:44,1
DA:45,1
DA:49,3
DA:50,3
DA:51,3
DA:52,9
DA:54,3
DA:55,3
DA:56,1
DA:58,2
DA:59,1
DA:61,1
DA:63,1
DA:64,1
DA:66,1
DA:67,1
DA:71,3
DA:72,3
DA:73,3
DA:74,1
DA:76,2
DA:77,1
DA:79,1
DA:83,1
DA:85,1
DA:86,0
DA:88,1
DA:90,1
DA:91,1
DA:95,3
DA:96,3
DA:97,3
DA:98,1
DA:100,2
DA:101,1
DA:103,1
DA:104,1
DA:105,1
LF:58
LH:57
BRDA:29,0,0,1
BRDA:29,0,1,1
BRDA:55,1,0,1
BRDA:55,1,1,2
BRDA:58,2,0,1
BRDA:58,2,1,1
BRDA:73,3,0,1
BRDA:73,3,1,2
BRDA:76,4,0,1
BRDA:76,4,1,1
BRDA:85,5,0,0
BRDA:85,5,1,1
BRDA:97,6,0,1
BRDA:97,6,1,2
BRDA:100,7,0,1
BRDA:100,7,1,1
BRF:16
BRH:15
end_of_record
TN:
SF:controllers/ShareStatusController.js
FN:7,(anonymous_0)
FN:9,(anonymous_1)
FN:35,(anonymous_2)
FNF:3
FNH:3
FNDA:5,(anonymous_0)
FNDA:3,(anonymous_1)
FNDA:2,(anonymous_2)
DA:10,3
DA:11,3
DA:13,3
DA:14,3
DA:15,3
DA:16,3
DA:17,2
DA:18,1
DA:19,1
DA:20,1
DA:21,1
DA:23,1
DA:24,1
DA:25,1
DA:26,1
DA:30,1
DA:31,1
DA:36,2
DA:37,2
DA:39,2
DA:40,2
DA:41,2
DA:42,2
DA:43,2
DA:44,1
DA:45,1
DA:46,1
DA:47,1
DA:49,1
DA:50,1
DA:51,1
DA:52,1
DA:53,1
DA:54,1
DA:58,0
DA:59,0
LF:36
LH:34
BRDA:17,0,0,1
BRDA:17,0,1,1
BRDA:43,1,0,1
BRDA:43,1,1,1
BRF:4
BRH:4
end_of_record
TN:
SF:controllers/ShelterPostController.js
FN:11,(anonymous_0)
FN:13,(anonymous_1)
FN:18,(anonymous_2)
FN:57,(anonymous_3)
FN:66,(anonymous_4)
FN:99,(anonymous_5)
FN:124,(anonymous_6)
FN:162,(anonymous_7)
FN:181,(anonymous_8)
FN:182,(anonymous_9)
FN:183,(anonymous_10)
FNF:11
FNH:9
FNDA:11,(anonymous_0)
FNDA:1,(anonymous_1)
FNDA:4,(anonymous_2)
FNDA:1,(anonymous_3)
FNDA:3,(anonymous_4)
FNDA:3,(anonymous_5)
FNDA:0,(anonymous_6)
FNDA:0,(anonymous_7)
FNDA:3,(anonymous_8)
FNDA:3,(anonymous_9)
FNDA:3,(anonymous_10)
DA:14,1
DA:15,1
DA:19,4
DA:22,4
DA:23,1
DA:27,3
DA:28,3
DA:29,3
DA:30,1
DA:31,1
DA:32,1
DA:33,1
DA:36,2
DA:38,2
DA:39,2
DA:44,2
DA:46,1
DA:47,1
DA:48,1
DA:49,1
DA:50,1
DA:52,1
DA:53,1
DA:58,1
DA:59,1
DA:63,1
DA:67,3
DA:68,3
DA:69,3
DA:70,3
DA:71,3
DA:72,1
DA:74,2
DA:75,1
DA:77,1
DA:78,1
DA:79,1
DA:80,1
DA:81,1
DA:83,1
DA:84,1
DA:85,1
DA:86,1
DA:88,1
DA:89,1
DA:90,1
DA:91,1
DA:92,1
DA:94,0
DA:95,0
DA:100,3
DA:101,3
DA:102,3
DA:103,3
DA:104,3
DA:105,3
DA:106,3
DA:107,1
DA:109,2
DA:110,1
DA:112,1
DA:113,1
DA:114,1
DA:115,1
DA:116,1
DA:117,1
DA:119,0
DA:120,0
DA:125,0
DA:126,0
DA:127,0
DA:128,0
DA:129,0
DA:130,0
DA:131,0
DA:133,0
DA:134,0
DA:135,0
DA:137,0
DA:138,0
DA:139,0
DA:141,0
DA:142,0
DA:143,0
DA:149,0
DA:150,0
DA:151,0
DA:152,0
DA:153,0
DA:154,0
DA:157,0
DA:158,0
DA:163,0
DA:164,0
DA:165,0
DA:166,0
DA:167,0
DA:168,0
DA:169,0
DA:171,0
DA:172,0
DA:173,0
DA:175,0
DA:176,0
DA:182,3
DA:183,3
DA:184,3
DA:185,3
DA:187,3
LF:109
LH:69
BRDA:22,0,0,1
BRDA:22,0,1,3
BRDA:29,1,0,1
BRDA:29,1,1,2
BRDA:71,2,0,1
BRDA:71,2,1,2
BRDA:74,3,0,1
BRDA:74,3,1,1
BRDA:77,4,0,1
BRDA:77,4,1,0
BRDA:83,5,0,1
BRDA:83,5,1,0
BRDA:106,6,0,1
BRDA:106,6,1,2
BRDA:109,7,0,1
BRDA:109,7,1,1
BRDA:130,8,0,0
BRDA:130,8,1,0
BRDA:130,9,0,0
BRDA:130,9,1,0
BRDA:134,10,0,0
BRDA:134,10,1,0
BRDA:138,11,0,0
BRDA:138,11,1,0
BRDA:168,12,0,0
BRDA:168,12,1,0
BRDA:184,13,0,0
BRDA:184,13,1,3
BRF:28
BRH:15
end_of_record
TN:
SF:db/DAO.js
FN:5,(anonymous_0)
FN:10,(anonymous_1)
FNF:2
FNH:0
FNDA:0,(anonymous_0)
FNDA:0,(anonymous_1)
DA:2,2
DA:6,0
DA:7,0
DA:11,0
DA:12,0
DA:13,0
LF:6
LH:1
BRDA:6,0,0,0
BRDA:6,0,1,0
BRDA:11,1,0,0
BRDA:11,1,1,0
BRF:4
BRH:0
end_of_record
TN:
SF:middlewares/AuthMiddleware.js
FN:59,(anonymous_0)
FN:77,(anonymous_1)
FN:98,(anonymous_2)
FN:122,(anonymous_3)
FN:123,(anonymous_4)
FNF:5
FNH:3
FNDA:4,(anonymous_0)
FNDA:3,(anonymous_1)
FNDA:2,(anonymous_2)
FNDA:0,(anonymous_3)
FNDA:0,(anonymous_4)
DA:9,9
DA:18,9
DA:27,9
DA:28,9
DA:30,9
DA:31,0
DA:32,0
DA:35,9
DA:36,9
DA:37,9
DA:38,9
DA:40,0
DA:41,0
DA:43,9
DA:44,9
DA:45,0
DA:46,0
DA:49,9
DA:60,4
DA:61,4
DA:62,4
DA:63,0
DA:65,4
DA:66,4
DA:67,0
DA:68,4
DA:69,1
DA:70,3
DA:71,3
DA:78,3
DA:79,3
DA:80,3
DA:81,0
DA:83,3
DA:84,3
DA:85,0
DA:86,3
DA:87,0
DA:88,3
DA:89,1
DA:91,2
DA:92,2
DA:99,2
DA:100,2
DA:101,2
DA:102,0
DA:104,2
DA:105,2
DA:106,0
DA:107,2
DA:108,0
DA:109,2
DA:110,1
DA:112,1
DA:113,1
DA:123,0
DA:124,0
DA:125,0
DA:126,0
DA:127,0
DA:129,0
DA:130,0
DA:131,0
DA:132,0
DA:134,0
DA:136,0
DA:137,0
DA:139,0
LF:68
LH:41
BRDA:30,0,0,0
BRDA:30,0,1,9
BRDA:44,1,0,0
BRDA:44,1,1,9
BRDA:61,2,0,4
BRDA:61,2,1,4
BRDA:62,3,0,0
BRDA:62,3,1,4
BRDA:62,4,0,4
BRDA:62,4,1,0
BRDA:66,5,0,0
BRDA:66,5,1,4
BRDA:68,6,0,1
BRDA:68,6,1,3
BRDA:79,7,0,3
BRDA:79,7,1,3
BRDA:80,8,0,0
BRDA:80,8,1,3
BRDA:80,9,0,3
BRDA:80,9,1,0
BRDA:84,10,0,0
BRDA:84,10,1,3
BRDA:86,11,0,0
BRDA:86,11,1,3
BRDA:88,12,0,1
BRDA:88,12,1,2
BRDA:100,13,0,2
BRDA:100,13,1,2
BRDA:101,14,0,0
BRDA:101,14,1,2
BRDA:101,15,0,2
BRDA:101,15,1,0
BRDA:105,16,0,0
BRDA:105,16,1,2
BRDA:107,17,0,0
BRDA:107,17,1,2
BRDA:109,18,0,1
BRDA:109,18,1,1
BRDA:122,19,0,0
BRDA:122,20,0,0
BRDA:125,21,0,0
BRDA:125,21,1,0
BRDA:126,22,0,0
BRDA:126,22,1,0
BRDA:126,23,0,0
BRDA:126,23,1,0
BRDA:130,24,0,0
BRDA:130,24,1,0
BRDA:130,25,0,0
BRDA:130,25,1,0
BRDA:131,26,0,0
BRDA:131,26,1,0
BRDA:136,27,0,0
BRDA:136,27,1,0
BRF:54
BRH:25
end_of_record
TN:
SF:models/ReponseBody.js
FN:3,(anonymous_0)
FN:12,(anonymous_1)
FN:16,(anonymous_2)
FN:20,(anonymous_3)
FN:24,(anonymous_4)
FN:28,(anonymous_5)
FN:32,(anonymous_6)
FN:36,(anonymous_7)
FN:40,(anonymous_8)
FN:44,(anonymous_9)
FN:48,(anonymous_10)
FN:52,(anonymous_11)
FN:60,(anonymous_12)
FN:68,(anonymous_13)
FNF:14
FNH:4
FNDA:24,(anonymous_0)
FNDA:0,(anonymous_1)
FNDA:0,(anonymous_2)
FNDA:0,(anonymous_3)
FNDA:12,(anonymous_4)
FNDA:0,(anonymous_5)
FNDA:2,(anonymous_6)
FNDA:0,(anonymous_7)
FNDA:0,(anonymous_8)
FNDA:0,(anonymous_9)
FNDA:1,(anonymous_10)
FNDA:0,(anonymous_11)
FNDA:0,(anonymous_12)
FNDA:0,(anonymous_13)
DA:4,24
DA:5,24
DA:6,24
DA:7,24
DA:8,24
DA:13,0
DA:17,0
DA:21,0
DA:25,12
DA:29,0
DA:33,2
DA:37,0
DA:41,0
DA:45,0
DA:49,1
DA:53,0
DA:54,0
DA:55,0
DA:56,0
DA:57,0
DA:61,0
DA:62,0
DA:63,0
DA:64,0
DA:65,0
DA:69,0
DA:70,0
DA:71,0
DA:72,0
DA:73,0
LF:30
LH:8
BRF:0
BRH:0
end_of_record
TN:
SF:models/User.js
FN:6,(anonymous_0)
FN:19,(anonymous_1)
FN:33,(anonymous_2)
FN:40,(anonymous_3)
FN:44,(anonymous_4)
FN:48,(anonymous_5)
FN:52,(anonymous_6)
FN:61,(anonymous_7)
FN:70,(anonymous_8)
FN:74,(anonymous_9)
FN:78,(anonymous_10)
FN:82,(anonymous_11)
FN:87,(anonymous_12)
FN:92,(anonymous_13)
FN:97,(anonymous_14)
FN:102,(anonymous_15)
FN:108,(anonymous_16)
FN:114,(anonymous_17)
FN:122,(anonymous_18)
FN:126,(anonymous_19)
FN:130,(anonymous_20)
FN:134,(anonymous_21)
FN:138,(anonymous_22)
FN:142,(anonymous_23)
FNF:24
FNH:9
FNDA:9,(anonymous_0)
FNDA:6,(anonymous_1)
FNDA:0,(anonymous_2)
FNDA:0,(anonymous_3)
FNDA:0,(anonymous_4)
FNDA:0,(anonymous_5)
FNDA:0,(anonymous_6)
FNDA:1,(anonymous_7)
FNDA:0,(anonymous_8)
FNDA:0,(anonymous_9)
FNDA:0,(anonymous_10)
FNDA:3,(anonymous_11)
FNDA:2,(anonymous_12)
FNDA:2,(anonymous_13)
FNDA:0,(anonymous_14)
FNDA:0,(anonymous_15)
FNDA:0,(anonymous_16)
FNDA:0,(anonymous_17)
FNDA:0,(anonymous_18)
FNDA:1,(anonymous_19)
FNDA:0,(anonymous_20)
FNDA:3,(anonymous_21)
FNDA:1,(anonymous_22)
FNDA:0,(anonymous_23)
DA:7,9
DA:8,9
DA:9,9
DA:10,9
DA:11,9
DA:12,9
DA:13,9
DA:14,9
DA:15,9
DA:16,9
DA:20,6
DA:21,6
DA:22,6
DA:23,6
DA:24,6
DA:25,6
DA:26,6
DA:27,6
DA:28,6
DA:29,6
DA:30,6
DA:34,0
DA:35,0
DA:37,0
DA:41,0
DA:45,0
DA:49,0
DA:53,0
DA:55,0
DA:56,0
DA:57,0
DA:58,0
DA:62,1
DA:71,0
DA:75,0
DA:79,0
DA:83,3
DA:84,3
DA:88,2
DA:89,2
DA:93,2
DA:94,2
DA:98,0
DA:99,0
DA:103,0
DA:104,0
DA:105,0
DA:109,0
DA:110,0
DA:111,0
DA:115,0
DA:116,0
DA:117,0
DA:118,0
DA:119,0
DA:123,0
DA:127,1
DA:131,0
DA:135,3
DA:139,1
DA:143,0
DA:151,0
LF:62
LH:31
BRDA:20,0,0,0
BRDA:20,0,1,6
BRDA:21,1,0,2
BRDA:21,1,1,4
BRDA:22,2,0,5
BRDA:22,2,1,1
BRDA:23,3,0,1
BRDA:23,3,1,5
BRDA:24,4,0,0
BRDA:24,4,1,6
BRDA:25,5,0,0
BRDA:25,5,1,6
BRDA:26,6,0,0
BRDA:26,6,1,6
BRDA:27,7,0,0
BRDA:27,7,1,6
BRDA:28,8,0,1
BRDA:28,8,1,5
BRDA:29,9,0,0
BRDA:29,9,1,6
BRDA:56,10,0,0
BRDA:56,10,1,0
BRDA:108,11,0,0
BRF:23
BRH:14
end_of_record
TN:
SF:models/Volunteer.js
FN:4,(anonymous_0)
FN:17,(anonymous_1)
FN:23,(anonymous_2)
FN:28,(anonymous_3)
FN:31,(anonymous_4)
FN:34,(anonymous_5)
FN:38,(anonymous_6)
FN:43,(anonymous_7)
FN:47,(anonymous_8)
FN:52,(anonymous_9)
FN:64,(anonymous_10)
FN:79,(anonymous_11)
FNF:12
FNH:5
FNDA:9,(anonymous_0)
FNDA:4,(anonymous_1)
FNDA:2,(anonymous_2)
FNDA:3,(anonymous_3)
FNDA:2,(anonymous_4)
FNDA:0,(anonymous_5)
FNDA:0,(anonymous_6)
FNDA:0,(anonymous_7)
FNDA:0,(anonymous_8)
FNDA:0,(anonymous_9)
FNDA:0,(anonymous_10)
FNDA:0,(anonymous_11)
DA:5,9
DA:6,9
DA:7,9
DA:8,9
DA:9,9
DA:10,9
DA:11,9
DA:12,9
DA:13,9
DA:14,9
DA:18,4
DA:24,2
DA:25,2
DA:29,3
DA:30,3
DA:31,2
DA:35,0
DA:39,0
DA:40,0
DA:44,0
DA:48,0
DA:49,0
DA:53,0
DA:54,0
DA:55,0
DA:56,0
DA:57,0
DA:58,0
DA:59,0
DA:60,0
DA:61,0
DA:65,0
DA:80,0
LF:33
LH:16
BRDA:18,0,0,4
BRDA:18,0,1,3
BRDA:18,0,2,3
BRDA:18,0,3,2
BRDA:18,0,4,2
BRDA:18,0,5,1
BRDA:25,1,0,2
BRDA:25,1,1,2
BRDA:25,1,2,1
BRDA:30,2,0,1
BRDA:30,2,1,2
BRDA:30,3,0,3
BRDA:30,3,1,2
BRDA:35,4,0,0
BRDA:35,4,1,0
BRDA:35,4,2,0
BRDA:66,5,0,0
BRDA:66,5,1,0
BRDA:67,6,0,0
BRDA:67,6,1,0
BRDA:68,7,0,0
BRDA:68,7,1,0
BRDA:69,8,0,0
BRDA:69,8,1,0
BRDA:70,9,0,0
BRDA:70,9,1,0
BRDA:71,10,0,0
BRDA:71,10,1,0
BRDA:72,11,0,0
BRDA:72,11,1,0
BRDA:73,12,0,0
BRDA:73,12,1,0
BRDA:74,13,0,0
BRDA:74,13,1,0
BRDA:75,14,0,0
BRDA:75,14,1,0
BRF:36
BRH:13
end_of_record
TN:
SF:utils/BannedUserNames.js
FNF:0
FNH:0
DA:1,1
LF:1
LH:1
BRF:0
BRH:0
end_of_record
TN:
SF:utils/Constants.js
FNF:0
FNH:0
DA:1,2
LF:1
LH:1
BRF:0
BRH:0
end_of_record
TN:
SF:utils/EmailUtil.js
FN:15,(anonymous_0)
FN:33,(anonymous_1)
FNF:2
FNH:0
FNDA:0,(anonymous_0)
FNDA:0,(anonymous_1)
DA:4,1
DA:5,1
DA:7,1
DA:15,1
DA:16,0
DA:33,0
LF:6
LH:4
BRF:0
BRH:0
end_of_record
TN:
SF:utils/HttpStatus.js
FNF:0
FNH:0
DA:1,8
DA:2,8
DA:3,8
DA:4,8
DA:5,8
DA:6,8
DA:7,8
DA:8,8
DA:9,8
DA:10,8
LF:10
LH:10
BRF:0
BRH:0
end_of_record
TN:
SF:utils/PasswordHelper.js
FN:4,(anonymous_0)
FN:9,(anonymous_1)
FNF:2
FNH:0
FNDA:0,(anonymous_0)
FNDA:0,(anonymous_1)
DA:5,0
DA:6,0
DA:10,0
LF:3
LH:0
BRF:0
BRH:0
end_of_record
TN:
SF:utils/SearchUtil.js
FN:17,(anonymous_0)
FN:21,(anonymous_1)
FN:25,(anonymous_2)
FN:38,(anonymous_3)
FN:40,(anonymous_4)
FN:42,(anonymous_5)
FN:52,(anonymous_6)
FN:66,(anonymous_7)
FN:68,(anonymous_8)
FN:72,(anonymous_9)
FN:78,(anonymous_10)
FN:81,(anonymous_11)
FN:91,(anonymous_12)
FN:96,(anonymous_13)
FN:99,(anonymous_14)
FN:117,(anonymous_15)
FN:125,(anonymous_16)
FN:135,(anonymous_17)
FN:140,(anonymous_18)
FN:142,(anonymous_19)
FN:154,(anonymous_20)
FN:162,(anonymous_21)
FN:172,(anonymous_22)
FN:203,(anonymous_23)
FN:213,(anonymous_24)
FN:218,(anonymous_25)
FN:220,(anonymous_26)
FNF:27
FNH:27
FNDA:34,(anonymous_0)
FNDA:159,(anonymous_1)
FNDA:6,(anonymous_2)
FNDA:12,(anonymous_3)
FNDA:12,(anonymous_4)
FNDA:5,(anonymous_5)
FNDA:7,(anonymous_6)
FNDA:12,(anonymous_7)
FNDA:12,(anonymous_8)
FNDA:3,(anonymous_9)
FNDA:4,(anonymous_10)
FNDA:8,(anonymous_11)
FNDA:3,(anonymous_12)
FNDA:3,(anonymous_13)
FNDA:7,(anonymous_14)
FNDA:2,(anonymous_15)
FNDA:1,(anonymous_16)
FNDA:2,(anonymous_17)
FNDA:2,(anonymous_18)
FNDA:1,(anonymous_19)
FNDA:3,(anonymous_20)
FNDA:12,(anonymous_21)
FNDA:4,(anonymous_22)
FNDA:12,(anonymous_23)
FNDA:7,(anonymous_24)
FNDA:7,(anonymous_25)
FNDA:22,(anonymous_26)
DA:6,1
DA:18,34
DA:19,0
DA:20,34
DA:21,159
DA:27,6
DA:28,3
DA:29,3
DA:30,2
DA:33,1
DA:43,5
DA:44,5
DA:45,5
DA:53,7
DA:54,7
DA:55,7
DA:73,3
DA:75,3
DA:76,3
DA:78,4
DA:79,2
DA:81,8
DA:84,0
DA:86,3
DA:92,3
DA:93,3
DA:97,3
DA:98,3
DA:99,3
DA:100,7
DA:118,2
DA:120,2
DA:121,2
DA:122,1
DA:124,1
DA:125,1
DA:126,1
DA:127,1
DA:129,1
DA:130,1
DA:136,2
DA:137,2
DA:141,2
DA:142,2
DA:143,1
DA:155,3
DA:157,3
DA:158,3
DA:159,0
DA:161,3
DA:162,3
DA:163,12
DA:164,12
DA:166,3
DA:167,3
DA:173,4
DA:175,4
DA:176,4
DA:177,4
DA:178,0
DA:179,4
DA:180,4
DA:181,0
DA:183,4
DA:186,4
DA:187,1
DA:188,1
DA:189,1
DA:190,4
DA:191,1
DA:193,4
DA:194,4
DA:195,1
DA:196,4
DA:199,1
DA:200,1
DA:203,3
DA:204,12
DA:205,12
DA:207,3
DA:208,3
DA:214,7
DA:215,7
DA:219,7
DA:220,7
DA:221,22
LF:86
LH:81
BRDA:18,0,0,0
BRDA:18,0,1,34
BRDA:27,1,0,3
BRDA:27,1,1,3
BRDA:27,2,0,6
BRDA:27,2,1,3
BRDA:29,3,0,2
BRDA:29,3,1,1
BRDA:29,4,0,3
BRDA:29,4,1,3
BRDA:76,5,0,1
BRDA:76,5,1,2
BRDA:79,6,0,2
BRDA:79,6,1,0
BRDA:121,7,0,1
BRDA:121,7,1,1
BRDA:158,8,0,0
BRDA:158,8,1,3
BRDA:177,9,0,0
BRDA:177,9,1,4
BRDA:177,10,0,4
BRDA:177,10,1,4
BRDA:180,11,0,0
BRDA:180,11,1,4
BRDA:186,12,0,1
BRDA:186,12,1,3
BRDA:190,13,0,1
BRDA:190,13,1,3
BRDA:190,14,0,4
BRDA:190,14,1,3
BRDA:190,14,2,3
BRDA:193,15,0,4
BRDA:193,15,1,0
BRDA:194,16,0,1
BRDA:194,16,1,3
BRDA:227,17,0,0
BRDA:227,17,1,22
BRDA:229,18,0,0
BRDA:229,18,1,22
BRF:39
BRH:31
end_of_record
TN:
SF:utils/TaskMatcher.js
FN:7,(anonymous_0)
FN:23,(anonymous_1)
FN:29,(anonymous_2)
FNF:3
FNH:3
FNDA:2,(anonymous_0)
FNDA:2,(anonymous_1)
FNDA:4,(anonymous_2)
DA:8,2
DA:9,2
DA:10,2
DA:11,2
DA:12,2
DA:13,2
DA:14,1
DA:16,2
DA:19,0
DA:24,2
DA:25,2
DA:26,2
DA:27,2
DA:28,2
DA:29,2
DA:30,4
DA:33,0
LF:17
LH:15
BRDA:13,0,0,1
BRDA:13,0,1,1
BRDA:27,1,0,0
BRDA:27,1,1,2
BRF:4
BRH:3
end_of_record
TN:
SF:utils/TokenUtil.js
FN:5,(anonymous_0)
FN:9,(anonymous_1)
FNF:2
FNH:1
FNDA:9,(anonymous_0)
FNDA:0,(anonymous_1)
DA:6,9
DA:10,0
LF:2
LH:1
BRF:0
BRH:0
end_of_record
